# JRE version: OpenJDK Runtime Environment Temurin-21.0.12.1+1 (21.0.12.1+1) (build 21.0.12.1+1-LTS)
# Java VM: OpenJDK 64-Bit Server VM Temurin-21.0.12.1+1 (21.0.12.1+1-LTS, mixed mode, sharing, tiered, compressed class ptrs, parallel gc, windows-amd64)
GC Precious Log:
 CardTable entry size: 512
 CPUs: 8 total, 8 available
 Memory: 7863M
 Large Page Support: Disabled
 NUMA Support: Disabled
 Compressed Oops: Disabled
 Alignments: Space 512K, Generation 512K, Heap 2M
 Heap Min Capacity: 100M
 Heap Initial Capacity: 100M
 Heap Max Capacity: 256G
 Pre-touch: Disabled
 Parallel Workers: 8
Heap:
 PSYoungGen      total 13312K, used 4597K [0x000002c8aa100000, 0x000002c8aaf80000, 0x000002ddff600000)
  eden space 12288K, 29% used [0x000002c8aa100000,0x000002c8aa499728,0x000002c8aad00000)
  from space 1024K, 89% used [0x000002c8aae80000,0x000002c8aaf64010,0x000002c8aaf80000)
  to   space 1024K, 0% used [0x000002c8aad80000,0x000002c8aad80000,0x000002c8aae80000)
 ParOldGen       total 68608K, used 59705K [0x0000029dff600000, 0x0000029e03900000, 0x000002c8aa100000)
  object space 68608K, 87% used [0x0000029dff600000,0x0000029e0304e508,0x0000029e03900000)
 Metaspace       used 56950K, committed 58176K, reserved 1114112K
  class space    used 6116K, committed 6656K, reserved 1048576K
GC Heap History (20 events):
Event: 19.793 GC heap before
{Heap before GC invocations=35 (full 2):
 PSYoungGen      total 14336K, used 14295K [0x000002c8aa100000, 0x000002c8abd00000, 0x000002ddff600000)
  eden space 12288K, 99% used [0x000002c8aa100000,0x000002c8aacf5e88,0x000002c8aad00000)
  from space 2048K, 100% used [0x000002c8ab300000,0x000002c8ab500000,0x000002c8ab500000)
  to   space 6144K, 0% used [0x000002c8aad00000,0x000002c8aad00000,0x000002c8ab300000)
 ParOldGen       total 68608K, used 52969K [0x0000029dff600000, 0x0000029e03900000, 0x000002c8aa100000)
  object space 68608K, 77% used [0x0000029dff600000,0x0000029e029ba7d0,0x0000029e03900000)
 Metaspace       used 50338K, committed 51520K, reserved 1114112K
  class space    used 5468K, committed 6016K, reserved 1048576K
}
Event: 19.797 GC heap after
{Heap after GC invocations=35 (full 2):
 PSYoungGen      total 14336K, used 1594K [0x000002c8aa100000, 0x000002c8ab380000, 0x000002ddff600000)
  eden space 12288K, 0% used [0x000002c8aa100000,0x000002c8aa100000,0x000002c8aad00000)
  from space 2048K, 77% used [0x000002c8aad00000,0x000002c8aae8e8f0,0x000002c8aaf00000)
  to   space 3072K, 0% used [0x000002c8ab080000,0x000002c8ab080000,0x000002c8ab380000)
 ParOldGen       total 68608K, used 55071K [0x0000029dff600000, 0x0000029e03900000, 0x000002c8aa100000)
  object space 68608K, 80% used [0x0000029dff600000,0x0000029e02bc7fd8,0x0000029e03900000)
 Metaspace       used 50338K, committed 51520K, reserved 1114112K
  class space    used 5468K, committed 6016K, reserved 1048576K
}
Event: 20.173 GC heap before
{Heap before GC invocations=36 (full 2):
 PSYoungGen      total 14336K, used 13882K [0x000002c8aa100000, 0x000002c8ab380000, 0x000002ddff600000)
  eden space 12288K, 100% used [0x000002c8aa100000,0x000002c8aad00000,0x000002c8aad00000)
  from space 2048K, 77% used [0x000002c8aad00000,0x000002c8aae8e8f0,0x000002c8aaf00000)
  to   space 3072K, 0% used [0x000002c8ab080000,0x000002c8ab080000,0x000002c8ab380000)
 ParOldGen       total 68608K, used 55071K [0x0000029dff600000, 0x0000029e03900000, 0x000002c8aa100000)
  object space 68608K, 80% used [0x0000029dff600000,0x0000029e02bc7fd8,0x0000029e03900000)
 Metaspace       used 50884K, committed 52160K, reserved 1114112K
  class space    used 5530K, committed 6144K, reserved 1048576K
}
Event: 20.176 GC heap after
{Heap after GC invocations=36 (full 2):
 PSYoungGen      total 12800K, used 416K [0x000002c8aa100000, 0x000002c8ab100000, 0x000002ddff600000)
  eden space 12288K, 0% used [0x000002c8aa100000,0x000002c8aa100000,0x000002c8aad00000)
  from space 512K, 81% used [0x000002c8ab080000,0x000002c8ab0e8000,0x000002c8ab100000)
  to   space 1536K, 0% used [0x000002c8aae00000,0x000002c8aae00000,0x000002c8aaf80000)
 ParOldGen       total 68608K, used 56509K [0x0000029dff600000, 0x0000029e03900000, 0x000002c8aa100000)
  object space 68608K, 82% used [0x0000029dff600000,0x0000029e02d2f690,0x0000029e03900000)
 Metaspace       used 50884K, committed 52160K, reserved 1114112K
  class space    used 5530K, committed 6144K, reserved 1048576K
}
Event: 20.518 GC heap before
{Heap before GC invocations=37 (full 2):
 PSYoungGen      total 12800K, used 12704K [0x000002c8aa100000, 0x000002c8ab100000, 0x000002ddff600000)
  eden space 12288K, 100% used [0x000002c8aa100000,0x000002c8aad00000,0x000002c8aad00000)
  from space 512K, 81% used [0x000002c8ab080000,0x000002c8ab0e8000,0x000002c8ab100000)
  to   space 1536K, 0% used [0x000002c8aae00000,0x000002c8aae00000,0x000002c8aaf80000)
 ParOldGen       total 68608K, used 56509K [0x0000029dff600000, 0x0000029e03900000, 0x000002c8aa100000)
  object space 68608K, 82% used [0x0000029dff600000,0x0000029e02d2f690,0x0000029e03900000)
 Metaspace       used 51452K, committed 52672K, reserved 1114112K
  class space    used 5599K, committed 6144K, reserved 1048576K
}
Event: 20.519 GC heap after
{Heap after GC invocations=37 (full 2):
 PSYoungGen      total 13824K, used 352K [0x000002c8aa100000, 0x000002c8ab100000, 0x000002ddff600000)
  eden space 12288K, 0% used [0x000002c8aa100000,0x000002c8aa100000,0x000002c8aad00000)
  from space 1536K, 22% used [0x000002c8aae00000,0x000002c8aae58000,0x000002c8aaf80000)
  to   space 512K, 0% used [0x000002c8ab080000,0x000002c8ab080000,0x000002c8ab100000)
 ParOldGen       total 68608K, used 56733K [0x0000029dff600000, 0x0000029e03900000, 0x000002c8aa100000)
  object space 68608K, 82% used [0x0000029dff600000,0x0000029e02d67690,0x0000029e03900000)
 Metaspace       used 51452K, committed 52672K, reserved 1114112K
  class space    used 5599K, committed 6144K, reserved 1048576K
}
Event: 20.747 GC heap before
{Heap before GC invocations=38 (full 2):
 PSYoungGen      total 13824K, used 12640K [0x000002c8aa100000, 0x000002c8ab100000, 0x000002ddff600000)
  eden space 12288K, 100% used [0x000002c8aa100000,0x000002c8aad00000,0x000002c8aad00000)
  from space 1536K, 22% used [0x000002c8aae00000,0x000002c8aae58000,0x000002c8aaf80000)
  to   space 512K, 0% used [0x000002c8ab080000,0x000002c8ab080000,0x000002c8ab100000)
 ParOldGen       total 68608K, used 56733K [0x0000029dff600000, 0x0000029e03900000, 0x000002c8aa100000)
  object space 68608K, 82% used [0x0000029dff600000,0x0000029e02d67690,0x0000029e03900000)
 Metaspace       used 52052K, committed 53248K, reserved 1114112K
  class space    used 5645K, committed 6208K, reserved 1048576K
}
Event: 20.749 GC heap after
{Heap after GC invocations=38 (full 2):
 PSYoungGen      total 12800K, used 494K [0x000002c8aa100000, 0x000002c8ab100000, 0x000002ddff600000)
  eden space 12288K, 0% used [0x000002c8aa100000,0x000002c8aa100000,0x000002c8aad00000)
  from space 512K, 96% used [0x000002c8ab080000,0x000002c8ab0fbab8,0x000002c8ab100000)
  to   space 2048K, 0% used [0x000002c8aad00000,0x000002c8aad00000,0x000002c8aaf00000)
 ParOldGen       total 68608K, used 57797K [0x0000029dff600000, 0x0000029e03900000, 0x000002c8aa100000)
  object space 68608K, 84% used [0x0000029dff600000,0x0000029e02e716c0,0x0000029e03900000)
 Metaspace       used 52052K, committed 53248K, reserved 1114112K
  class space    used 5645K, committed 6208K, reserved 1048576K
}
Event: 20.846 GC heap before
{Heap before GC invocations=39 (full 2):
 PSYoungGen      total 12800K, used 12782K [0x000002c8aa100000, 0x000002c8ab100000, 0x000002ddff600000)
  eden space 12288K, 100% used [0x000002c8aa100000,0x000002c8aad00000,0x000002c8aad00000)
  from space 512K, 96% used [0x000002c8ab080000,0x000002c8ab0fbab8,0x000002c8ab100000)
  to   space 2048K, 0% used [0x000002c8aad00000,0x000002c8aad00000,0x000002c8aaf00000)
 ParOldGen       total 68608K, used 57797K [0x0000029dff600000, 0x0000029e03900000, 0x000002c8aa100000)
  object space 68608K, 84% used [0x0000029dff600000,0x0000029e02e716c0,0x0000029e03900000)
 Metaspace       used 52070K, committed 53248K, reserved 1114112K
  class space    used 5645K, committed 6208K, reserved 1048576K
}
Event: 20.850 GC heap after
{Heap after GC invocations=39 (full 2):
 PSYoungGen      total 14336K, used 1560K [0x000002c8aa100000, 0x000002c8ab100000, 0x000002ddff600000)
  eden space 12288K, 0% used [0x000002c8aa100000,0x000002c8aa100000,0x000002c8aad00000)
  from space 2048K, 76% used [0x000002c8aad00000,0x000002c8aae86078,0x000002c8aaf00000)
  to   space 2048K, 0% used [0x000002c8aaf00000,0x000002c8aaf00000,0x000002c8ab100000)
 ParOldGen       total 68608K, used 58108K [0x0000029dff600000, 0x0000029e03900000, 0x000002c8aa100000)
  object space 68608K, 84% used [0x0000029dff600000,0x0000029e02ebf1f8,0x0000029e03900000)
 Metaspace       used 52070K, committed 53248K, reserved 1114112K
  class space    used 5645K, committed 6208K, reserved 1048576K
}
Event: 20.938 GC heap before
{Heap before GC invocations=40 (full 2):
 PSYoungGen      total 14336K, used 13848K [0x000002c8aa100000, 0x000002c8ab100000, 0x000002ddff600000)
  eden space 12288K, 100% used [0x000002c8aa100000,0x000002c8aad00000,0x000002c8aad00000)
  from space 2048K, 76% used [0x000002c8aad00000,0x000002c8aae86078,0x000002c8aaf00000)
  to   space 2048K, 0% used [0x000002c8aaf00000,0x000002c8aaf00000,0x000002c8ab100000)
 ParOldGen       total 68608K, used 58108K [0x0000029dff600000, 0x0000029e03900000, 0x000002c8aa100000)
  object space 68608K, 84% used [0x0000029dff600000,0x0000029e02ebf1f8,0x0000029e03900000)
 Metaspace       used 52077K, committed 53312K, reserved 1114112K
  class space    used 5645K, committed 6208K, reserved 1048576K
}
Event: 20.940 GC heap after
{Heap after GC invocations=40 (full 2):
 PSYoungGen      total 13312K, used 707K [0x000002c8aa100000, 0x000002c8ab000000, 0x000002ddff600000)
  eden space 12288K, 0% used [0x000002c8aa100000,0x000002c8aa100000,0x000002c8aad00000)
  from space 1024K, 69% used [0x000002c8aaf00000,0x000002c8aafb0e48,0x000002c8ab000000)
  to   space 1536K, 0% used [0x000002c8aad00000,0x000002c8aad00000,0x000002c8aae80000)
 ParOldGen       total 68608K, used 58436K [0x0000029dff600000, 0x0000029e03900000, 0x000002c8aa100000)
  object space 68608K, 85% used [0x0000029dff600000,0x0000029e02f111f8,0x0000029e03900000)
 Metaspace       used 52077K, committed 53312K, reserved 1114112K
  class space    used 5645K, committed 6208K, reserved 1048576K
}
Event: 21.040 GC heap before
{Heap before GC invocations=41 (full 2):
 PSYoungGen      total 13312K, used 12995K [0x000002c8aa100000, 0x000002c8ab000000, 0x000002ddff600000)
  eden space 12288K, 100% used [0x000002c8aa100000,0x000002c8aad00000,0x000002c8aad00000)
  from space 1024K, 69% used [0x000002c8aaf00000,0x000002c8aafb0e48,0x000002c8ab000000)
  to   space 1536K, 0% used [0x000002c8aad00000,0x000002c8aad00000,0x000002c8aae80000)
 ParOldGen       total 68608K, used 58436K [0x0000029dff600000, 0x0000029e03900000, 0x000002c8aa100000)
  object space 68608K, 85% used [0x0000029dff600000,0x0000029e02f111f8,0x0000029e03900000)
 Metaspace       used 52695K, committed 53888K, reserved 1114112K
  class space    used 5699K, committed 6272K, reserved 1048576K
}
Event: 21.042 GC heap after
{Heap after GC invocations=41 (full 2):
 PSYoungGen      total 13824K, used 224K [0x000002c8aa100000, 0x000002c8aaf80000, 0x000002ddff600000)
  eden space 12288K, 0% used [0x000002c8aa100000,0x000002c8aa100000,0x000002c8aad00000)
  from space 1536K, 14% used [0x000002c8aad00000,0x000002c8aad38000,0x000002c8aae80000)
  to   space 512K, 0% used [0x000002c8aaf00000,0x000002c8aaf00000,0x000002c8aaf80000)
 ParOldGen       total 68608K, used 58452K [0x0000029dff600000, 0x0000029e03900000, 0x000002c8aa100000)
  object space 68608K, 85% used [0x0000029dff600000,0x0000029e02f151f8,0x0000029e03900000)
 Metaspace       used 52695K, committed 53888K, reserved 1114112K
  class space    used 5699K, committed 6272K, reserved 1048576K
}
Event: 21.857 GC heap before
{Heap before GC invocations=42 (full 2):
 PSYoungGen      total 13824K, used 12511K [0x000002c8aa100000, 0x000002c8aaf80000, 0x000002ddff600000)
  eden space 12288K, 99% used [0x000002c8aa100000,0x000002c8aacfffb8,0x000002c8aad00000)
  from space 1536K, 14% used [0x000002c8aad00000,0x000002c8aad38000,0x000002c8aae80000)
  to   space 512K, 0% used [0x000002c8aaf00000,0x000002c8aaf00000,0x000002c8aaf80000)
 ParOldGen       total 68608K, used 58452K [0x0000029dff600000, 0x0000029e03900000, 0x000002c8aa100000)
  object space 68608K, 85% used [0x0000029dff600000,0x0000029e02f151f8,0x0000029e03900000)
 Metaspace       used 54192K, committed 55488K, reserved 1114112K
  class space    used 5814K, committed 6400K, reserved 1048576K
}
Event: 21.860 GC heap after
{Heap after GC invocations=42 (full 2):
 PSYoungGen      total 12800K, used 488K [0x000002c8aa100000, 0x000002c8aaf80000, 0x000002ddff600000)
  eden space 12288K, 0% used [0x000002c8aa100000,0x000002c8aa100000,0x000002c8aad00000)
  from space 512K, 95% used [0x000002c8aaf00000,0x000002c8aaf7a3c8,0x000002c8aaf80000)
  to   space 1024K, 0% used [0x000002c8aad80000,0x000002c8aad80000,0x000002c8aae80000)
 ParOldGen       total 68608K, used 58597K [0x0000029dff600000, 0x0000029e03900000, 0x000002c8aa100000)
  object space 68608K, 85% used [0x0000029dff600000,0x0000029e02f39738,0x0000029e03900000)
 Metaspace       used 54192K, committed 55488K, reserved 1114112K
  class space    used 5814K, committed 6400K, reserved 1048576K
}
Event: 22.161 GC heap before
{Heap before GC invocations=43 (full 2):
 PSYoungGen      total 12800K, used 12746K [0x000002c8aa100000, 0x000002c8aaf80000, 0x000002ddff600000)
  eden space 12288K, 99% used [0x000002c8aa100000,0x000002c8aacf87e0,0x000002c8aad00000)
  from space 512K, 95% used [0x000002c8aaf00000,0x000002c8aaf7a3c8,0x000002c8aaf80000)
  to   space 1024K, 0% used [0x000002c8aad80000,0x000002c8aad80000,0x000002c8aae80000)
 ParOldGen       total 68608K, used 58597K [0x0000029dff600000, 0x0000029e03900000, 0x000002c8aa100000)
  object space 68608K, 85% used [0x0000029dff600000,0x0000029e02f39738,0x0000029e03900000)
 Metaspace       used 55200K, committed 56512K, reserved 1114112K
  class space    used 5942K, committed 6528K, reserved 1048576K
}
Event: 22.163 GC heap after
{Heap after GC invocations=43 (full 2):
 PSYoungGen      total 13312K, used 930K [0x000002c8aa100000, 0x000002c8aaf80000, 0x000002ddff600000)
  eden space 12288K, 0% used [0x000002c8aa100000,0x000002c8aa100000,0x000002c8aad00000)
  from space 1024K, 90% used [0x000002c8aad80000,0x000002c8aae68bd0,0x000002c8aae80000)
  to   space 1024K, 0% used [0x000002c8aae80000,0x000002c8aae80000,0x000002c8aaf80000)
 ParOldGen       total 68608K, used 59001K [0x0000029dff600000, 0x0000029e03900000, 0x000002c8aa100000)
  object space 68608K, 85% used [0x0000029dff600000,0x0000029e02f9e6a0,0x0000029e03900000)
 Metaspace       used 55200K, committed 56512K, reserved 1114112K
  class space    used 5942K, committed 6528K, reserved 1048576K
}
Event: 22.467 GC heap before
{Heap before GC invocations=44 (full 2):
 PSYoungGen      total 13312K, used 13218K [0x000002c8aa100000, 0x000002c8aaf80000, 0x000002ddff600000)
  eden space 12288K, 100% used [0x000002c8aa100000,0x000002c8aad00000,0x000002c8aad00000)
  from space 1024K, 90% used [0x000002c8aad80000,0x000002c8aae68bd0,0x000002c8aae80000)
  to   space 1024K, 0% used [0x000002c8aae80000,0x000002c8aae80000,0x000002c8aaf80000)
 ParOldGen       total 68608K, used 59001K [0x0000029dff600000, 0x0000029e03900000, 0x000002c8aa100000)
  object space 68608K, 85% used [0x0000029dff600000,0x0000029e02f9e6a0,0x0000029e03900000)
 Metaspace       used 56760K, committed 57984K, reserved 1114112K
  class space    used 6098K, committed 6656K, reserved 1048576K
}
Event: 22.469 GC heap after
{Heap after GC invocations=44 (full 2):
 PSYoungGen      total 13312K, used 912K [0x000002c8aa100000, 0x000002c8aaf80000, 0x000002ddff600000)
  eden space 12288K, 0% used [0x000002c8aa100000,0x000002c8aa100000,0x000002c8aad00000)
  from space 1024K, 89% used [0x000002c8aae80000,0x000002c8aaf64010,0x000002c8aaf80000)
  to   space 1024K, 0% used [0x000002c8aad80000,0x000002c8aad80000,0x000002c8aae80000)
 ParOldGen       total 68608K, used 59705K [0x0000029dff600000, 0x0000029e03900000, 0x000002c8aa100000)
  object space 68608K, 87% used [0x0000029dff600000,0x0000029e0304e508,0x0000029e03900000)
 Metaspace       used 56760K, committed 57984K, reserved 1114112K
  class space    used 6098K, committed 6656K, reserved 1048576K
}

