# JRE version: OpenJDK Runtime Environment Temurin-21.0.12.1+1 (21.0.12.1+1) (build 21.0.12.1+1-LTS)
# Java VM: OpenJDK 64-Bit Server VM Temurin-21.0.12.1+1 (21.0.12.1+1-LTS, mixed mode, sharing, tiered, compressed class ptrs, parallel gc, windows-amd64)
GC Precious Log:
 CardTable entry size: 512
 CPUs: 8 total, 8 available
 Memory: 7863M
 Large Page Support: Disabled
 NUMA Support: Disabled
 Compressed Oops: Disabled
 Alignments: Space 512K, Generation 512K, Heap 2M
 Heap Min Capacity: 100M
 Heap Initial Capacity: 100M
 Heap Max Capacity: 256G
 Pre-touch: Disabled
 Parallel Workers: 8
Heap:
 PSYoungGen      total 14848K, used 14371K [0x000001fad1900000, 0x000001fad2a00000, 0x0000021026e00000)
  eden space 14336K, 96% used [0x000001fad1900000,0x000001fad268a9a0,0x000001fad2700000)
  from space 512K, 98% used [0x000001fad2980000,0x000001fad29fe470,0x000001fad2a00000)
  to   space 1536K, 0% used [0x000001fad2700000,0x000001fad2700000,0x000001fad2880000)
 ParOldGen       total 68608K, used 60788K [0x000001d026e00000, 0x000001d02b100000, 0x000001fad1900000)
  object space 68608K, 88% used [0x000001d026e00000,0x000001d02a95d090,0x000001d02b100000)
 Metaspace       used 57494K, committed 58816K, reserved 1114112K
  class space    used 6187K, committed 6720K, reserved 1048576K
GC Heap History (20 events):
Event: 18.843 GC heap before
{Heap before GC invocations=33 (full 2):
 PSYoungGen      total 22016K, used 21792K [0x000001fad1900000, 0x000001fad3100000, 0x0000021026e00000)
  eden space 19456K, 100% used [0x000001fad1900000,0x000001fad2c00000,0x000001fad2c00000)
  from space 2560K, 91% used [0x000001fad2e80000,0x000001fad30c8010,0x000001fad3100000)
  to   space 2560K, 0% used [0x000001fad2c00000,0x000001fad2c00000,0x000001fad2e80000)
 ParOldGen       total 68608K, used 47868K [0x000001d026e00000, 0x000001d02b100000, 0x000001fad1900000)
  object space 68608K, 69% used [0x000001d026e00000,0x000001d029cbf298,0x000001d02b100000)
 Metaspace       used 49210K, committed 50432K, reserved 1114112K
  class space    used 5370K, committed 5888K, reserved 1048576K
}
Event: 18.852 GC heap after
{Heap after GC invocations=33 (full 2):
 PSYoungGen      total 21504K, used 1840K [0x000001fad1900000, 0x000001fad3000000, 0x0000021026e00000)
  eden space 19456K, 0% used [0x000001fad1900000,0x000001fad1900000,0x000001fad2c00000)
  from space 2048K, 89% used [0x000001fad2c00000,0x000001fad2dcc3f0,0x000001fad2e00000)
  to   space 2048K, 0% used [0x000001fad2e00000,0x000001fad2e00000,0x000001fad3000000)
 ParOldGen       total 68608K, used 50092K [0x000001d026e00000, 0x000001d02b100000, 0x000001fad1900000)
  object space 68608K, 73% used [0x000001d026e00000,0x000001d029eeb2a8,0x000001d02b100000)
 Metaspace       used 49210K, committed 50432K, reserved 1114112K
  class space    used 5370K, committed 5888K, reserved 1048576K
}
Event: 19.149 GC heap before
{Heap before GC invocations=34 (full 2):
 PSYoungGen      total 21504K, used 21296K [0x000001fad1900000, 0x000001fad3000000, 0x0000021026e00000)
  eden space 19456K, 100% used [0x000001fad1900000,0x000001fad2c00000,0x000001fad2c00000)
  from space 2048K, 89% used [0x000001fad2c00000,0x000001fad2dcc3f0,0x000001fad2e00000)
  to   space 2048K, 0% used [0x000001fad2e00000,0x000001fad2e00000,0x000001fad3000000)
 ParOldGen       total 68608K, used 50092K [0x000001d026e00000, 0x000001d02b100000, 0x000001fad1900000)
  object space 68608K, 73% used [0x000001d026e00000,0x000001d029eeb2a8,0x000001d02b100000)
 Metaspace       used 49589K, committed 50752K, reserved 1114112K
  class space    used 5396K, committed 5888K, reserved 1048576K
}
Event: 19.157 GC heap after
{Heap after GC invocations=34 (full 2):
 PSYoungGen      total 16384K, used 2048K [0x000001fad1900000, 0x000001fad3a00000, 0x0000021026e00000)
  eden space 14336K, 0% used [0x000001fad1900000,0x000001fad1900000,0x000001fad2700000)
  from space 2048K, 100% used [0x000001fad2e00000,0x000001fad3000000,0x000001fad3000000)
  to   space 7168K, 0% used [0x000001fad2700000,0x000001fad2700000,0x000001fad2e00000)
 ParOldGen       total 68608K, used 54269K [0x000001d026e00000, 0x000001d02b100000, 0x000001fad1900000)
  object space 68608K, 79% used [0x000001d026e00000,0x000001d02a2ff7c0,0x000001d02b100000)
 Metaspace       used 49589K, committed 50752K, reserved 1114112K
  class space    used 5396K, committed 5888K, reserved 1048576K
}
Event: 19.838 GC heap before
{Heap before GC invocations=35 (full 2):
 PSYoungGen      total 16384K, used 16384K [0x000001fad1900000, 0x000001fad3a00000, 0x0000021026e00000)
  eden space 14336K, 100% used [0x000001fad1900000,0x000001fad2700000,0x000001fad2700000)
  from space 2048K, 100% used [0x000001fad2e00000,0x000001fad3000000,0x000001fad3000000)
  to   space 7168K, 0% used [0x000001fad2700000,0x000001fad2700000,0x000001fad2e00000)
 ParOldGen       total 68608K, used 54269K [0x000001d026e00000, 0x000001d02b100000, 0x000001fad1900000)
  object space 68608K, 79% used [0x000001d026e00000,0x000001d02a2ff7c0,0x000001d02b100000)
 Metaspace       used 50539K, committed 51776K, reserved 1114112K
  class space    used 5510K, committed 6016K, reserved 1048576K
}
Event: 19.842 GC heap after
{Heap after GC invocations=35 (full 2):
 PSYoungGen      total 15360K, used 826K [0x000001fad1900000, 0x000001fad2e80000, 0x0000021026e00000)
  eden space 14336K, 0% used [0x000001fad1900000,0x000001fad1900000,0x000001fad2700000)
  from space 1024K, 80% used [0x000001fad2700000,0x000001fad27ce8f0,0x000001fad2800000)
  to   space 3072K, 0% used [0x000001fad2b80000,0x000001fad2b80000,0x000001fad2e80000)
 ParOldGen       total 68608K, used 56364K [0x000001d026e00000, 0x000001d02b100000, 0x000001fad1900000)
  object space 68608K, 82% used [0x000001d026e00000,0x000001d02a50b1d8,0x000001d02b100000)
 Metaspace       used 50539K, committed 51776K, reserved 1114112K
  class space    used 5510K, committed 6016K, reserved 1048576K
}
Event: 20.305 GC heap before
{Heap before GC invocations=36 (full 2):
 PSYoungGen      total 15360K, used 15162K [0x000001fad1900000, 0x000001fad2e80000, 0x0000021026e00000)
  eden space 14336K, 100% used [0x000001fad1900000,0x000001fad2700000,0x000001fad2700000)
  from space 1024K, 80% used [0x000001fad2700000,0x000001fad27ce8f0,0x000001fad2800000)
  to   space 3072K, 0% used [0x000001fad2b80000,0x000001fad2b80000,0x000001fad2e80000)
 ParOldGen       total 68608K, used 56364K [0x000001d026e00000, 0x000001d02b100000, 0x000001fad1900000)
  object space 68608K, 82% used [0x000001d026e00000,0x000001d02a50b1d8,0x000001d02b100000)
 Metaspace       used 51260K, committed 52480K, reserved 1114112K
  class space    used 5580K, committed 6080K, reserved 1048576K
}
Event: 20.307 GC heap after
{Heap after GC invocations=36 (full 2):
 PSYoungGen      total 15360K, used 532K [0x000001fad1900000, 0x000001fad2c80000, 0x0000021026e00000)
  eden space 14336K, 0% used [0x000001fad1900000,0x000001fad1900000,0x000001fad2700000)
  from space 1024K, 52% used [0x000001fad2b80000,0x000001fad2c05308,0x000001fad2c80000)
  to   space 1024K, 0% used [0x000001fad2700000,0x000001fad2700000,0x000001fad2800000)
 ParOldGen       total 68608K, used 57093K [0x000001d026e00000, 0x000001d02b100000, 0x000001fad1900000)
  object space 68608K, 83% used [0x000001d026e00000,0x000001d02a5c14c8,0x000001d02b100000)
 Metaspace       used 51260K, committed 52480K, reserved 1114112K
  class space    used 5580K, committed 6080K, reserved 1048576K
}
Event: 20.637 GC heap before
{Heap before GC invocations=37 (full 2):
 PSYoungGen      total 15360K, used 14868K [0x000001fad1900000, 0x000001fad2c80000, 0x0000021026e00000)
  eden space 14336K, 100% used [0x000001fad1900000,0x000001fad2700000,0x000001fad2700000)
  from space 1024K, 52% used [0x000001fad2b80000,0x000001fad2c05308,0x000001fad2c80000)
  to   space 1024K, 0% used [0x000001fad2700000,0x000001fad2700000,0x000001fad2800000)
 ParOldGen       total 68608K, used 57093K [0x000001d026e00000, 0x000001d02b100000, 0x000001fad1900000)
  object space 68608K, 83% used [0x000001d026e00000,0x000001d02a5c14c8,0x000001d02b100000)
 Metaspace       used 52207K, committed 53568K, reserved 1114112K
  class space    used 5665K, committed 6272K, reserved 1048576K
}
Event: 20.640 GC heap after
{Heap after GC invocations=37 (full 2):
 PSYoungGen      total 15360K, used 999K [0x000001fad1900000, 0x000001fad2d00000, 0x0000021026e00000)
  eden space 14336K, 0% used [0x000001fad1900000,0x000001fad1900000,0x000001fad2700000)
  from space 1024K, 97% used [0x000001fad2700000,0x000001fad27f9eb0,0x000001fad2800000)
  to   space 3072K, 0% used [0x000001fad2a00000,0x000001fad2a00000,0x000001fad2d00000)
 ParOldGen       total 68608K, used 58518K [0x000001d026e00000, 0x000001d02b100000, 0x000001fad1900000)
  object space 68608K, 85% used [0x000001d026e00000,0x000001d02a725890,0x000001d02b100000)
 Metaspace       used 52207K, committed 53568K, reserved 1114112K
  class space    used 5665K, committed 6272K, reserved 1048576K
}
Event: 20.704 GC heap before
{Heap before GC invocations=38 (full 2):
 PSYoungGen      total 15360K, used 15335K [0x000001fad1900000, 0x000001fad2d00000, 0x0000021026e00000)
  eden space 14336K, 100% used [0x000001fad1900000,0x000001fad2700000,0x000001fad2700000)
  from space 1024K, 97% used [0x000001fad2700000,0x000001fad27f9eb0,0x000001fad2800000)
  to   space 3072K, 0% used [0x000001fad2a00000,0x000001fad2a00000,0x000001fad2d00000)
 ParOldGen       total 68608K, used 58518K [0x000001d026e00000, 0x000001d02b100000, 0x000001fad1900000)
  object space 68608K, 85% used [0x000001d026e00000,0x000001d02a725890,0x000001d02b100000)
 Metaspace       used 52230K, committed 53568K, reserved 1114112K
  class space    used 5665K, committed 6272K, reserved 1048576K
}
Event: 20.705 GC heap after
{Heap after GC invocations=38 (full 2):
 PSYoungGen      total 15360K, used 757K [0x000001fad1900000, 0x000001fad2b00000, 0x0000021026e00000)
  eden space 14336K, 0% used [0x000001fad1900000,0x000001fad1900000,0x000001fad2700000)
  from space 1024K, 74% used [0x000001fad2a00000,0x000001fad2abd790,0x000001fad2b00000)
  to   space 1536K, 0% used [0x000001fad2800000,0x000001fad2800000,0x000001fad2980000)
 ParOldGen       total 68608K, used 59410K [0x000001d026e00000, 0x000001d02b100000, 0x000001fad1900000)
  object space 68608K, 86% used [0x000001d026e00000,0x000001d02a804a38,0x000001d02b100000)
 Metaspace       used 52230K, committed 53568K, reserved 1114112K
  class space    used 5665K, committed 6272K, reserved 1048576K
}
Event: 20.762 GC heap before
{Heap before GC invocations=39 (full 2):
 PSYoungGen      total 15360K, used 15093K [0x000001fad1900000, 0x000001fad2b00000, 0x0000021026e00000)
  eden space 14336K, 100% used [0x000001fad1900000,0x000001fad2700000,0x000001fad2700000)
  from space 1024K, 74% used [0x000001fad2a00000,0x000001fad2abd790,0x000001fad2b00000)
  to   space 1536K, 0% used [0x000001fad2800000,0x000001fad2800000,0x000001fad2980000)
 ParOldGen       total 68608K, used 59410K [0x000001d026e00000, 0x000001d02b100000, 0x000001fad1900000)
  object space 68608K, 86% used [0x000001d026e00000,0x000001d02a804a38,0x000001d02b100000)
 Metaspace       used 52236K, committed 53568K, reserved 1114112K
  class space    used 5665K, committed 6272K, reserved 1048576K
}
Event: 20.763 GC heap after
{Heap after GC invocations=39 (full 2):
 PSYoungGen      total 15872K, used 899K [0x000001fad1900000, 0x000001fad2a80000, 0x0000021026e00000)
  eden space 14336K, 0% used [0x000001fad1900000,0x000001fad1900000,0x000001fad2700000)
  from space 1536K, 58% used [0x000001fad2800000,0x000001fad28e0e48,0x000001fad2980000)
  to   space 1024K, 0% used [0x000001fad2980000,0x000001fad2980000,0x000001fad2a80000)
 ParOldGen       total 68608K, used 59434K [0x000001d026e00000, 0x000001d02b100000, 0x000001fad1900000)
  object space 68608K, 86% used [0x000001d026e00000,0x000001d02a80aa38,0x000001d02b100000)
 Metaspace       used 52236K, committed 53568K, reserved 1114112K
  class space    used 5665K, committed 6272K, reserved 1048576K
}
Event: 20.937 GC heap before
{Heap before GC invocations=40 (full 2):
 PSYoungGen      total 15872K, used 15235K [0x000001fad1900000, 0x000001fad2a80000, 0x0000021026e00000)
  eden space 14336K, 100% used [0x000001fad1900000,0x000001fad2700000,0x000001fad2700000)
  from space 1536K, 58% used [0x000001fad2800000,0x000001fad28e0e48,0x000001fad2980000)
  to   space 1024K, 0% used [0x000001fad2980000,0x000001fad2980000,0x000001fad2a80000)
 ParOldGen       total 68608K, used 59434K [0x000001d026e00000, 0x000001d02b100000, 0x000001fad1900000)
  object space 68608K, 86% used [0x000001d026e00000,0x000001d02a80aa38,0x000001d02b100000)
 Metaspace       used 53201K, committed 54528K, reserved 1114112K
  class space    used 5753K, committed 6336K, reserved 1048576K
}
Event: 20.938 GC heap after
{Heap after GC invocations=40 (full 2):
 PSYoungGen      total 14848K, used 256K [0x000001fad1900000, 0x000001fad2a00000, 0x0000021026e00000)
  eden space 14336K, 0% used [0x000001fad1900000,0x000001fad1900000,0x000001fad2700000)
  from space 512K, 50% used [0x000001fad2980000,0x000001fad29c0000,0x000001fad2a00000)
  to   space 512K, 0% used [0x000001fad2900000,0x000001fad2900000,0x000001fad2980000)
 ParOldGen       total 68608K, used 59450K [0x000001d026e00000, 0x000001d02b100000, 0x000001fad1900000)
  object space 68608K, 86% used [0x000001d026e00000,0x000001d02a80ea38,0x000001d02b100000)
 Metaspace       used 53201K, committed 54528K, reserved 1114112K
  class space    used 5753K, committed 6336K, reserved 1048576K
}
Event: 22.059 GC heap before
{Heap before GC invocations=41 (full 2):
 PSYoungGen      total 14848K, used 14592K [0x000001fad1900000, 0x000001fad2a00000, 0x0000021026e00000)
  eden space 14336K, 100% used [0x000001fad1900000,0x000001fad2700000,0x000001fad2700000)
  from space 512K, 50% used [0x000001fad2980000,0x000001fad29c0000,0x000001fad2a00000)
  to   space 512K, 0% used [0x000001fad2900000,0x000001fad2900000,0x000001fad2980000)
 ParOldGen       total 68608K, used 59450K [0x000001d026e00000, 0x000001d02b100000, 0x000001fad1900000)
  object space 68608K, 86% used [0x000001d026e00000,0x000001d02a80ea38,0x000001d02b100000)
 Metaspace       used 54690K, committed 56000K, reserved 1114112K
  class space    used 5884K, committed 6464K, reserved 1048576K
}
Event: 22.062 GC heap after
{Heap after GC invocations=41 (full 2):
 PSYoungGen      total 14848K, used 507K [0x000001fad1900000, 0x000001fad2a00000, 0x0000021026e00000)
  eden space 14336K, 0% used [0x000001fad1900000,0x000001fad1900000,0x000001fad2700000)
  from space 512K, 99% used [0x000001fad2900000,0x000001fad297ec78,0x000001fad2980000)
  to   space 512K, 0% used [0x000001fad2980000,0x000001fad2980000,0x000001fad2a00000)
 ParOldGen       total 68608K, used 60005K [0x000001d026e00000, 0x000001d02b100000, 0x000001fad1900000)
  object space 68608K, 87% used [0x000001d026e00000,0x000001d02a8994b8,0x000001d02b100000)
 Metaspace       used 54690K, committed 56000K, reserved 1114112K
  class space    used 5884K, committed 6464K, reserved 1048576K
}
Event: 22.317 GC heap before
{Heap before GC invocations=42 (full 2):
 PSYoungGen      total 14848K, used 14843K [0x000001fad1900000, 0x000001fad2a00000, 0x0000021026e00000)
  eden space 14336K, 100% used [0x000001fad1900000,0x000001fad2700000,0x000001fad2700000)
  from space 512K, 99% used [0x000001fad2900000,0x000001fad297ec78,0x000001fad2980000)
  to   space 512K, 0% used [0x000001fad2980000,0x000001fad2980000,0x000001fad2a00000)
 ParOldGen       total 68608K, used 60005K [0x000001d026e00000, 0x000001d02b100000, 0x000001fad1900000)
  object space 68608K, 87% used [0x000001d026e00000,0x000001d02a8994b8,0x000001d02b100000)
 Metaspace       used 56242K, committed 57536K, reserved 1114112K
  class space    used 6036K, committed 6592K, reserved 1048576K
}
Event: 22.319 GC heap after
{Heap after GC invocations=42 (full 2):
 PSYoungGen      total 14848K, used 505K [0x000001fad1900000, 0x000001fad2a00000, 0x0000021026e00000)
  eden space 14336K, 0% used [0x000001fad1900000,0x000001fad1900000,0x000001fad2700000)
  from space 512K, 98% used [0x000001fad2980000,0x000001fad29fe470,0x000001fad2a00000)
  to   space 1536K, 0% used [0x000001fad2700000,0x000001fad2700000,0x000001fad2880000)
 ParOldGen       total 68608K, used 60788K [0x000001d026e00000, 0x000001d02b100000, 0x000001fad1900000)
  object space 68608K, 88% used [0x000001d026e00000,0x000001d02a95d090,0x000001d02b100000)
 Metaspace       used 56242K, committed 57536K, reserved 1114112K
  class space    used 6036K, committed 6592K, reserved 1048576K
}

