# JRE version: OpenJDK Runtime Environment Temurin-21.0.12.1+1 (21.0.12.1+1) (build 21.0.12.1+1-LTS)
# Java VM: OpenJDK 64-Bit Server VM Temurin-21.0.12.1+1 (21.0.12.1+1-LTS, mixed mode, sharing, tiered, compressed class ptrs, parallel gc, windows-amd64)
GC Precious Log:
 CardTable entry size: 512
 CPUs: 8 total, 8 available
 Memory: 7863M
 Large Page Support: Disabled
 NUMA Support: Disabled
 Compressed Oops: Disabled
 Alignments: Space 512K, Generation 512K, Heap 2M
 Heap Min Capacity: 100M
 Heap Initial Capacity: 100M
 Heap Max Capacity: 256G
 Pre-touch: Disabled
 Parallel Workers: 8
Heap:
 PSYoungGen      total 20480K, used 15660K [0x0000024b1ff00000, 0x0000024b21600000, 0x0000026075400000)
  eden space 19456K, 75% used [0x0000024b1ff00000,0x0000024b20d4f1a0,0x0000024b21200000)
  from space 1024K, 98% used [0x0000024b21500000,0x0000024b215fc040,0x0000024b21600000)
  to   space 2048K, 0% used [0x0000024b21280000,0x0000024b21280000,0x0000024b21480000)
 ParOldGen       total 68608K, used 40864K [0x0000022075400000, 0x0000022079700000, 0x0000024b1ff00000)
  object space 68608K, 59% used [0x0000022075400000,0x0000022077be8180,0x0000022079700000)
 Metaspace       used 52418K, committed 53632K, reserved 1114112K
  class space    used 5731K, committed 6272K, reserved 1048576K
GC Heap History (20 events):
Event: 42.304 GC heap before
{Heap before GC invocations=19 (full 2):
 PSYoungGen      total 23040K, used 23019K [0x0000024b1ff00000, 0x0000024b21b80000, 0x0000026075400000)
  eden space 21504K, 100% used [0x0000024b1ff00000,0x0000024b21400000,0x0000024b21400000)
  from space 1536K, 98% used [0x0000024b21780000,0x0000024b218fae88,0x0000024b21900000)
  to   space 3584K, 0% used [0x0000024b21400000,0x0000024b21400000,0x0000024b21780000)
 ParOldGen       total 68608K, used 25813K [0x0000022075400000, 0x0000022079700000, 0x0000024b1ff00000)
  object space 68608K, 37% used [0x0000022075400000,0x0000022076d35698,0x0000022079700000)
 Metaspace       used 39149K, committed 40256K, reserved 1114112K
  class space    used 4115K, committed 4608K, reserved 1048576K
}
Event: 42.310 GC heap after
{Heap after GC invocations=19 (full 2):
 PSYoungGen      total 23040K, used 1280K [0x0000024b1ff00000, 0x0000024b21800000, 0x0000026075400000)
  eden space 21504K, 0% used [0x0000024b1ff00000,0x0000024b1ff00000,0x0000024b21400000)
  from space 1536K, 83% used [0x0000024b21400000,0x0000024b21540000,0x0000024b21580000)
  to   space 2048K, 0% used [0x0000024b21600000,0x0000024b21600000,0x0000024b21800000)
 ParOldGen       total 68608K, used 26972K [0x0000022075400000, 0x0000022079700000, 0x0000024b1ff00000)
  object space 68608K, 39% used [0x0000022075400000,0x0000022076e570c8,0x0000022079700000)
 Metaspace       used 39149K, committed 40256K, reserved 1114112K
  class space    used 4115K, committed 4608K, reserved 1048576K
}
Event: 42.754 GC heap before
{Heap before GC invocations=20 (full 2):
 PSYoungGen      total 23040K, used 22724K [0x0000024b1ff00000, 0x0000024b21800000, 0x0000026075400000)
  eden space 21504K, 99% used [0x0000024b1ff00000,0x0000024b213f10e8,0x0000024b21400000)
  from space 1536K, 83% used [0x0000024b21400000,0x0000024b21540000,0x0000024b21580000)
  to   space 2048K, 0% used [0x0000024b21600000,0x0000024b21600000,0x0000024b21800000)
 ParOldGen       total 68608K, used 26972K [0x0000022075400000, 0x0000022079700000, 0x0000024b1ff00000)
  object space 68608K, 39% used [0x0000022075400000,0x0000022076e570c8,0x0000022079700000)
 Metaspace       used 41663K, committed 42688K, reserved 1114112K
  class space    used 4416K, committed 4864K, reserved 1048576K
}
Event: 42.758 GC heap after
{Heap after GC invocations=20 (full 2):
 PSYoungGen      total 23040K, used 1480K [0x0000024b1ff00000, 0x0000024b21780000, 0x0000026075400000)
  eden space 21504K, 0% used [0x0000024b1ff00000,0x0000024b1ff00000,0x0000024b21400000)
  from space 1536K, 96% used [0x0000024b21600000,0x0000024b217720a0,0x0000024b21780000)
  to   space 1536K, 0% used [0x0000024b21400000,0x0000024b21400000,0x0000024b21580000)
 ParOldGen       total 68608K, used 28132K [0x0000022075400000, 0x0000022079700000, 0x0000024b1ff00000)
  object space 68608K, 41% used [0x0000022075400000,0x0000022076f790c8,0x0000022079700000)
 Metaspace       used 41663K, committed 42688K, reserved 1114112K
  class space    used 4416K, committed 4864K, reserved 1048576K
}
Event: 43.077 GC heap before
{Heap before GC invocations=21 (full 2):
 PSYoungGen      total 23040K, used 22984K [0x0000024b1ff00000, 0x0000024b21780000, 0x0000026075400000)
  eden space 21504K, 100% used [0x0000024b1ff00000,0x0000024b21400000,0x0000024b21400000)
  from space 1536K, 96% used [0x0000024b21600000,0x0000024b217720a0,0x0000024b21780000)
  to   space 1536K, 0% used [0x0000024b21400000,0x0000024b21400000,0x0000024b21580000)
 ParOldGen       total 68608K, used 28132K [0x0000022075400000, 0x0000022079700000, 0x0000024b1ff00000)
  object space 68608K, 41% used [0x0000022075400000,0x0000022076f790c8,0x0000022079700000)
 Metaspace       used 43158K, committed 44224K, reserved 1114112K
  class space    used 4623K, committed 5056K, reserved 1048576K
}
Event: 43.083 GC heap after
{Heap after GC invocations=21 (full 2):
 PSYoungGen      total 23040K, used 1529K [0x0000024b1ff00000, 0x0000024b21b00000, 0x0000026075400000)
  eden space 21504K, 0% used [0x0000024b1ff00000,0x0000024b1ff00000,0x0000024b21400000)
  from space 1536K, 99% used [0x0000024b21400000,0x0000024b2157e6a0,0x0000024b21580000)
  to   space 3584K, 0% used [0x0000024b21780000,0x0000024b21780000,0x0000024b21b00000)
 ParOldGen       total 68608K, used 29711K [0x0000022075400000, 0x0000022079700000, 0x0000024b1ff00000)
  object space 68608K, 43% used [0x0000022075400000,0x0000022077103e70,0x0000022079700000)
 Metaspace       used 43158K, committed 44224K, reserved 1114112K
  class space    used 4623K, committed 5056K, reserved 1048576K
}
Event: 43.489 GC heap before
{Heap before GC invocations=22 (full 2):
 PSYoungGen      total 23040K, used 23033K [0x0000024b1ff00000, 0x0000024b21b00000, 0x0000026075400000)
  eden space 21504K, 100% used [0x0000024b1ff00000,0x0000024b21400000,0x0000024b21400000)
  from space 1536K, 99% used [0x0000024b21400000,0x0000024b2157e6a0,0x0000024b21580000)
  to   space 3584K, 0% used [0x0000024b21780000,0x0000024b21780000,0x0000024b21b00000)
 ParOldGen       total 68608K, used 29711K [0x0000022075400000, 0x0000022079700000, 0x0000024b1ff00000)
  object space 68608K, 43% used [0x0000022075400000,0x0000022077103e70,0x0000022079700000)
 Metaspace       used 44153K, committed 45248K, reserved 1114112K
  class space    used 4757K, committed 5184K, reserved 1048576K
}
Event: 43.494 GC heap after
{Heap after GC invocations=22 (full 2):
 PSYoungGen      total 23552K, used 1833K [0x0000024b1ff00000, 0x0000024b21980000, 0x0000026075400000)
  eden space 21504K, 0% used [0x0000024b1ff00000,0x0000024b1ff00000,0x0000024b21400000)
  from space 2048K, 89% used [0x0000024b21780000,0x0000024b2194a4d8,0x0000024b21980000)
  to   space 2560K, 0% used [0x0000024b21480000,0x0000024b21480000,0x0000024b21700000)
 ParOldGen       total 68608K, used 31216K [0x0000022075400000, 0x0000022079700000, 0x0000024b1ff00000)
  object space 68608K, 45% used [0x0000022075400000,0x000002207727c2f0,0x0000022079700000)
 Metaspace       used 44153K, committed 45248K, reserved 1114112K
  class space    used 4757K, committed 5184K, reserved 1048576K
}
Event: 43.998 GC heap before
{Heap before GC invocations=23 (full 2):
 PSYoungGen      total 23552K, used 23337K [0x0000024b1ff00000, 0x0000024b21980000, 0x0000026075400000)
  eden space 21504K, 100% used [0x0000024b1ff00000,0x0000024b21400000,0x0000024b21400000)
  from space 2048K, 89% used [0x0000024b21780000,0x0000024b2194a4d8,0x0000024b21980000)
  to   space 2560K, 0% used [0x0000024b21480000,0x0000024b21480000,0x0000024b21700000)
 ParOldGen       total 68608K, used 31216K [0x0000022075400000, 0x0000022079700000, 0x0000024b1ff00000)
  object space 68608K, 45% used [0x0000022075400000,0x000002207727c2f0,0x0000022079700000)
 Metaspace       used 46490K, committed 47680K, reserved 1114112K
  class space    used 5041K, committed 5568K, reserved 1048576K
}
Event: 44.004 GC heap after
{Heap after GC invocations=23 (full 2):
 PSYoungGen      total 23040K, used 1344K [0x0000024b1ff00000, 0x0000024b21800000, 0x0000026075400000)
  eden space 21504K, 0% used [0x0000024b1ff00000,0x0000024b1ff00000,0x0000024b21400000)
  from space 1536K, 87% used [0x0000024b21480000,0x0000024b215d0000,0x0000024b21600000)
  to   space 2048K, 0% used [0x0000024b21600000,0x0000024b21600000,0x0000024b21800000)
 ParOldGen       total 68608K, used 32973K [0x0000022075400000, 0x0000022079700000, 0x0000024b1ff00000)
  object space 68608K, 48% used [0x0000022075400000,0x0000022077433598,0x0000022079700000)
 Metaspace       used 46490K, committed 47680K, reserved 1114112K
  class space    used 5041K, committed 5568K, reserved 1048576K
}
Event: 44.687 GC heap before
{Heap before GC invocations=24 (full 2):
 PSYoungGen      total 23040K, used 22848K [0x0000024b1ff00000, 0x0000024b21800000, 0x0000026075400000)
  eden space 21504K, 100% used [0x0000024b1ff00000,0x0000024b21400000,0x0000024b21400000)
  from space 1536K, 87% used [0x0000024b21480000,0x0000024b215d0000,0x0000024b21600000)
  to   space 2048K, 0% used [0x0000024b21600000,0x0000024b21600000,0x0000024b21800000)
 ParOldGen       total 68608K, used 32973K [0x0000022075400000, 0x0000022079700000, 0x0000024b1ff00000)
  object space 68608K, 48% used [0x0000022075400000,0x0000022077433598,0x0000022079700000)
 Metaspace       used 48430K, committed 49600K, reserved 1114112K
  class space    used 5318K, committed 5824K, reserved 1048576K
}
Event: 44.692 GC heap after
{Heap after GC invocations=24 (full 2):
 PSYoungGen      total 21504K, used 2046K [0x0000024b1ff00000, 0x0000024b21c00000, 0x0000026075400000)
  eden space 19456K, 0% used [0x0000024b1ff00000,0x0000024b1ff00000,0x0000024b21200000)
  from space 2048K, 99% used [0x0000024b21600000,0x0000024b217ffb48,0x0000024b21800000)
  to   space 4096K, 0% used [0x0000024b21200000,0x0000024b21200000,0x0000024b21600000)
 ParOldGen       total 68608K, used 34236K [0x0000022075400000, 0x0000022079700000, 0x0000024b1ff00000)
  object space 68608K, 49% used [0x0000022075400000,0x000002207756f0d8,0x0000022079700000)
 Metaspace       used 48430K, committed 49600K, reserved 1114112K
  class space    used 5318K, committed 5824K, reserved 1048576K
}
Event: 45.493 GC heap before
{Heap before GC invocations=25 (full 2):
 PSYoungGen      total 21504K, used 21502K [0x0000024b1ff00000, 0x0000024b21c00000, 0x0000026075400000)
  eden space 19456K, 100% used [0x0000024b1ff00000,0x0000024b21200000,0x0000024b21200000)
  from space 2048K, 99% used [0x0000024b21600000,0x0000024b217ffb48,0x0000024b21800000)
  to   space 4096K, 0% used [0x0000024b21200000,0x0000024b21200000,0x0000024b21600000)
 ParOldGen       total 68608K, used 34236K [0x0000022075400000, 0x0000022079700000, 0x0000024b1ff00000)
  object space 68608K, 49% used [0x0000022075400000,0x000002207756f0d8,0x0000022079700000)
 Metaspace       used 50224K, committed 51392K, reserved 1114112K
  class space    used 5523K, committed 6016K, reserved 1048576K
}
Event: 45.502 GC heap after
{Heap after GC invocations=25 (full 2):
 PSYoungGen      total 23040K, used 3099K [0x0000024b1ff00000, 0x0000024b21900000, 0x0000026075400000)
  eden space 19456K, 0% used [0x0000024b1ff00000,0x0000024b1ff00000,0x0000024b21200000)
  from space 3584K, 86% used [0x0000024b21200000,0x0000024b21506ea8,0x0000024b21580000)
  to   space 3584K, 0% used [0x0000024b21580000,0x0000024b21580000,0x0000024b21900000)
 ParOldGen       total 68608K, used 35644K [0x0000022075400000, 0x0000022079700000, 0x0000024b1ff00000)
  object space 68608K, 51% used [0x0000022075400000,0x00000220776cf1c0,0x0000022079700000)
 Metaspace       used 50224K, committed 51392K, reserved 1114112K
  class space    used 5523K, committed 6016K, reserved 1048576K
}
Event: 46.621 GC heap before
{Heap before GC invocations=26 (full 2):
 PSYoungGen      total 23040K, used 22555K [0x0000024b1ff00000, 0x0000024b21900000, 0x0000026075400000)
  eden space 19456K, 100% used [0x0000024b1ff00000,0x0000024b21200000,0x0000024b21200000)
  from space 3584K, 86% used [0x0000024b21200000,0x0000024b21506ea8,0x0000024b21580000)
  to   space 3584K, 0% used [0x0000024b21580000,0x0000024b21580000,0x0000024b21900000)
 ParOldGen       total 68608K, used 35644K [0x0000022075400000, 0x0000022079700000, 0x0000024b1ff00000)
  object space 68608K, 51% used [0x0000022075400000,0x00000220776cf1c0,0x0000022079700000)
 Metaspace       used 51551K, committed 52736K, reserved 1114112K
  class space    used 5663K, committed 6144K, reserved 1048576K
}
Event: 46.629 GC heap after
{Heap after GC invocations=26 (full 2):
 PSYoungGen      total 20480K, used 896K [0x0000024b1ff00000, 0x0000024b21680000, 0x0000026075400000)
  eden space 19456K, 0% used [0x0000024b1ff00000,0x0000024b1ff00000,0x0000024b21200000)
  from space 1024K, 87% used [0x0000024b21580000,0x0000024b21660000,0x0000024b21680000)
  to   space 2048K, 0% used [0x0000024b21280000,0x0000024b21280000,0x0000024b21480000)
 ParOldGen       total 68608K, used 38643K [0x0000022075400000, 0x0000022079700000, 0x0000024b1ff00000)
  object space 68608K, 56% used [0x0000022075400000,0x00000220779bcd00,0x0000022079700000)
 Metaspace       used 51551K, committed 52736K, reserved 1114112K
  class space    used 5663K, committed 6144K, reserved 1048576K
}
Event: 47.990 GC heap before
{Heap before GC invocations=27 (full 2):
 PSYoungGen      total 20480K, used 20330K [0x0000024b1ff00000, 0x0000024b21680000, 0x0000026075400000)
  eden space 19456K, 99% used [0x0000024b1ff00000,0x0000024b211fab50,0x0000024b21200000)
  from space 1024K, 87% used [0x0000024b21580000,0x0000024b21660000,0x0000024b21680000)
  to   space 2048K, 0% used [0x0000024b21280000,0x0000024b21280000,0x0000024b21480000)
 ParOldGen       total 68608K, used 38643K [0x0000022075400000, 0x0000022079700000, 0x0000024b1ff00000)
  object space 68608K, 56% used [0x0000022075400000,0x00000220779bcd00,0x0000022079700000)
 Metaspace       used 52136K, committed 53312K, reserved 1114112K
  class space    used 5716K, committed 6208K, reserved 1048576K
}
Event: 47.994 GC heap after
{Heap after GC invocations=27 (full 2):
 PSYoungGen      total 21504K, used 704K [0x0000024b1ff00000, 0x0000024b21600000, 0x0000026075400000)
  eden space 19456K, 0% used [0x0000024b1ff00000,0x0000024b1ff00000,0x0000024b21200000)
  from space 2048K, 34% used [0x0000024b21280000,0x0000024b21330000,0x0000024b21480000)
  to   space 1024K, 0% used [0x0000024b21500000,0x0000024b21500000,0x0000024b21600000)
 ParOldGen       total 68608K, used 39449K [0x0000022075400000, 0x0000022079700000, 0x0000024b1ff00000)
  object space 68608K, 57% used [0x0000022075400000,0x0000022077a86508,0x0000022079700000)
 Metaspace       used 52136K, committed 53312K, reserved 1114112K
  class space    used 5716K, committed 6208K, reserved 1048576K
}
Event: 48.287 GC heap before
{Heap before GC invocations=28 (full 2):
 PSYoungGen      total 21504K, used 20160K [0x0000024b1ff00000, 0x0000024b21600000, 0x0000026075400000)
  eden space 19456K, 100% used [0x0000024b1ff00000,0x0000024b21200000,0x0000024b21200000)
  from space 2048K, 34% used [0x0000024b21280000,0x0000024b21330000,0x0000024b21480000)
  to   space 1024K, 0% used [0x0000024b21500000,0x0000024b21500000,0x0000024b21600000)
 ParOldGen       total 68608K, used 39449K [0x0000022075400000, 0x0000022079700000, 0x0000024b1ff00000)
  object space 68608K, 57% used [0x0000022075400000,0x0000022077a86508,0x0000022079700000)
 Metaspace       used 52418K, committed 53632K, reserved 1114112K
  class space    used 5731K, committed 6272K, reserved 1048576K
}
Event: 48.323 GC heap after
{Heap after GC invocations=28 (full 2):
 PSYoungGen      total 20480K, used 1008K [0x0000024b1ff00000, 0x0000024b21600000, 0x0000026075400000)
  eden space 19456K, 0% used [0x0000024b1ff00000,0x0000024b1ff00000,0x0000024b21200000)
  from space 1024K, 98% used [0x0000024b21500000,0x0000024b215fc040,0x0000024b21600000)
  to   space 2048K, 0% used [0x0000024b21280000,0x0000024b21280000,0x0000024b21480000)
 ParOldGen       total 68608K, used 40864K [0x0000022075400000, 0x0000022079700000, 0x0000024b1ff00000)
  object space 68608K, 59% used [0x0000022075400000,0x0000022077be8180,0x0000022079700000)
 Metaspace       used 52418K, committed 53632K, reserved 1114112K
  class space    used 5731K, committed 6272K, reserved 1048576K
}

