# JRE version: OpenJDK Runtime Environment Temurin-21.0.12.1+1 (21.0.12.1+1) (build 21.0.12.1+1-LTS)
# Java VM: OpenJDK 64-Bit Server VM Temurin-21.0.12.1+1 (21.0.12.1+1-LTS, mixed mode, sharing, tiered, compressed class ptrs, parallel gc, windows-amd64)
GC Precious Log:
 CardTable entry size: 512
 CPUs: 8 total, 8 available
 Memory: 7863M
 Large Page Support: Disabled
 NUMA Support: Disabled
 Compressed Oops: Disabled
 Alignments: Space 512K, Generation 512K, Heap 2M
 Heap Min Capacity: 100M
 Heap Initial Capacity: 100M
 Heap Max Capacity: 256G
 Pre-touch: Disabled
 Parallel Workers: 8
Heap:
 PSYoungGen      total 29696K, used 26003K [0x0000015dd9300000, 0x0000015ddb400000, 0x000001732e800000)
  eden space 25600K, 85% used [0x0000015dd9300000,0x0000015dda867f68,0x0000015ddac00000)
  from space 4096K, 99% used [0x0000015ddac00000,0x0000015ddaffccc0,0x0000015ddb000000)
  to   space 4096K, 0% used [0x0000015ddb000000,0x0000015ddb000000,0x0000015ddb400000)
 ParOldGen       total 68608K, used 3794K [0x000001332e800000, 0x0000013332b00000, 0x0000015dd9300000)
  object space 68608K, 5% used [0x000001332e800000,0x000001332ebb4920,0x0000013332b00000)
 Metaspace       used 14858K, committed 15360K, reserved 1114112K
  class space    used 1560K, committed 1792K, reserved 1048576K
GC Heap History (6 events):
Event: 1.144 GC heap before
{Heap before GC invocations=1 (full 0):
 PSYoungGen      total 29696K, used 25600K [0x0000015dd9300000, 0x0000015ddb400000, 0x000001732e800000)
  eden space 25600K, 100% used [0x0000015dd9300000,0x0000015ddac00000,0x0000015ddac00000)
  from space 4096K, 0% used [0x0000015ddb000000,0x0000015ddb000000,0x0000015ddb400000)
  to   space 4096K, 0% used [0x0000015ddac00000,0x0000015ddac00000,0x0000015ddb000000)
 ParOldGen       total 68608K, used 0K [0x000001332e800000, 0x0000013332b00000, 0x0000015dd9300000)
  object space 68608K, 0% used [0x000001332e800000,0x000001332e800000,0x0000013332b00000)
 Metaspace       used 4166K, committed 4416K, reserved 1114112K
  class space    used 458K, committed 576K, reserved 1048576K
}
Event: 1.151 GC heap after
{Heap after GC invocations=1 (full 0):
 PSYoungGen      total 29696K, used 3970K [0x0000015dd9300000, 0x0000015ddb400000, 0x000001732e800000)
  eden space 25600K, 0% used [0x0000015dd9300000,0x0000015dd9300000,0x0000015ddac00000)
  from space 4096K, 96% used [0x0000015ddac00000,0x0000015ddafe09b0,0x0000015ddb000000)
  to   space 4096K, 0% used [0x0000015ddb000000,0x0000015ddb000000,0x0000015ddb400000)
 ParOldGen       total 68608K, used 24K [0x000001332e800000, 0x0000013332b00000, 0x0000015dd9300000)
  object space 68608K, 0% used [0x000001332e800000,0x000001332e806000,0x0000013332b00000)
 Metaspace       used 4166K, committed 4416K, reserved 1114112K
  class space    used 458K, committed 576K, reserved 1048576K
}
Event: 1.905 GC heap before
{Heap before GC invocations=2 (full 0):
 PSYoungGen      total 29696K, used 29570K [0x0000015dd9300000, 0x0000015ddb400000, 0x000001732e800000)
  eden space 25600K, 100% used [0x0000015dd9300000,0x0000015ddac00000,0x0000015ddac00000)
  from space 4096K, 96% used [0x0000015ddac00000,0x0000015ddafe09b0,0x0000015ddb000000)
  to   space 4096K, 0% used [0x0000015ddb000000,0x0000015ddb000000,0x0000015ddb400000)
 ParOldGen       total 68608K, used 24K [0x000001332e800000, 0x0000013332b00000, 0x0000015dd9300000)
  object space 68608K, 0% used [0x000001332e800000,0x000001332e806000,0x0000013332b00000)
 Metaspace       used 7616K, committed 7872K, reserved 1114112K
  class space    used 793K, committed 896K, reserved 1048576K
}
Event: 1.912 GC heap after
{Heap after GC invocations=2 (full 0):
 PSYoungGen      total 29696K, used 4070K [0x0000015dd9300000, 0x0000015ddb400000, 0x000001732e800000)
  eden space 25600K, 0% used [0x0000015dd9300000,0x0000015dd9300000,0x0000015ddac00000)
  from space 4096K, 99% used [0x0000015ddb000000,0x0000015ddb3f9820,0x0000015ddb400000)
  to   space 4096K, 0% used [0x0000015ddac00000,0x0000015ddac00000,0x0000015ddb000000)
 ParOldGen       total 68608K, used 2357K [0x000001332e800000, 0x0000013332b00000, 0x0000015dd9300000)
  object space 68608K, 3% used [0x000001332e800000,0x000001332ea4d6f0,0x0000013332b00000)
 Metaspace       used 7616K, committed 7872K, reserved 1114112K
  class space    used 793K, committed 896K, reserved 1048576K
}
Event: 2.806 GC heap before
{Heap before GC invocations=3 (full 0):
 PSYoungGen      total 29696K, used 29670K [0x0000015dd9300000, 0x0000015ddb400000, 0x000001732e800000)
  eden space 25600K, 100% used [0x0000015dd9300000,0x0000015ddac00000,0x0000015ddac00000)
  from space 4096K, 99% used [0x0000015ddb000000,0x0000015ddb3f9820,0x0000015ddb400000)
  to   space 4096K, 0% used [0x0000015ddac00000,0x0000015ddac00000,0x0000015ddb000000)
 ParOldGen       total 68608K, used 2357K [0x000001332e800000, 0x0000013332b00000, 0x0000015dd9300000)
  object space 68608K, 3% used [0x000001332e800000,0x000001332ea4d6f0,0x0000013332b00000)
 Metaspace       used 11715K, committed 12096K, reserved 1114112K
  class space    used 1256K, committed 1408K, reserved 1048576K
}
Event: 2.811 GC heap after
{Heap after GC invocations=3 (full 0):
 PSYoungGen      total 29696K, used 4083K [0x0000015dd9300000, 0x0000015ddb400000, 0x000001732e800000)
  eden space 25600K, 0% used [0x0000015dd9300000,0x0000015dd9300000,0x0000015ddac00000)
  from space 4096K, 99% used [0x0000015ddac00000,0x0000015ddaffccc0,0x0000015ddb000000)
  to   space 4096K, 0% used [0x0000015ddb000000,0x0000015ddb000000,0x0000015ddb400000)
 ParOldGen       total 68608K, used 3794K [0x000001332e800000, 0x0000013332b00000, 0x0000015dd9300000)
  object space 68608K, 5% used [0x000001332e800000,0x000001332ebb4920,0x0000013332b00000)
 Metaspace       used 11715K, committed 12096K, reserved 1114112K
  class space    used 1256K, committed 1408K, reserved 1048576K
}

