# JRE version: OpenJDK Runtime Environment Temurin-21.0.12.1+1 (21.0.12.1+1) (build 21.0.12.1+1-LTS)
# Java VM: OpenJDK 64-Bit Server VM Temurin-21.0.12.1+1 (21.0.12.1+1-LTS, mixed mode, sharing, tiered, compressed class ptrs, parallel gc, windows-amd64)
GC Precious Log:
 CardTable entry size: 512
 CPUs: 8 total, 8 available
 Memory: 7863M
 Large Page Support: Disabled
 NUMA Support: Disabled
 Compressed Oops: Disabled
 Alignments: Space 512K, Generation 512K, Heap 2M
 Heap Min Capacity: 100M
 Heap Initial Capacity: 100M
 Heap Max Capacity: 256G
 Pre-touch: Disabled
 Parallel Workers: 8
Heap:
 PSYoungGen      total 22528K, used 8158K [0x000002215ed00000, 0x0000022160780000, 0x00000236b4200000)
  eden space 19968K, 30% used [0x000002215ed00000,0x000002215f2eb4a8,0x0000022160080000)
  from space 2560K, 81% used [0x0000022160080000,0x000002216028c3f0,0x0000022160300000)
  to   space 3584K, 0% used [0x0000022160400000,0x0000022160400000,0x0000022160780000)
 ParOldGen       total 68608K, used 34179K [0x000001f6b4200000, 0x000001f6b8500000, 0x000002215ed00000)
  object space 68608K, 49% used [0x000001f6b4200000,0x000001f6b6360f88,0x000001f6b8500000)
 Metaspace       used 33008K, committed 34048K, reserved 1114112K
  class space    used 3312K, committed 3776K, reserved 1048576K
GC Heap History (20 events):
Event: 21.679 GC heap before
{Heap before GC invocations=9 (full 1):
 PSYoungGen      total 28672K, used 28305K [0x000002215ed00000, 0x0000022160e00000, 0x00000236b4200000)
  eden space 24576K, 100% used [0x000002215ed00000,0x0000022160500000,0x0000022160500000)
  from space 4096K, 91% used [0x0000022160600000,0x00000221609a4550,0x0000022160a00000)
  to   space 4096K, 0% used [0x0000022160a00000,0x0000022160a00000,0x0000022160e00000)
 ParOldGen       total 68608K, used 11102K [0x000001f6b4200000, 0x000001f6b8500000, 0x000002215ed00000)
  object space 68608K, 16% used [0x000001f6b4200000,0x000001f6b4cd7b80,0x000001f6b8500000)
 Metaspace       used 24193K, committed 24896K, reserved 1114112K
  class space    used 2330K, committed 2624K, reserved 1048576K
}
Event: 21.683 GC heap after
{Heap after GC invocations=9 (full 1):
 PSYoungGen      total 28160K, used 4091K [0x000002215ed00000, 0x0000022160e00000, 0x00000236b4200000)
  eden space 24064K, 0% used [0x000002215ed00000,0x000002215ed00000,0x0000022160480000)
  from space 4096K, 99% used [0x0000022160a00000,0x0000022160dfefe0,0x0000022160e00000)
  to   space 4608K, 0% used [0x0000022160500000,0x0000022160500000,0x0000022160980000)
 ParOldGen       total 68608K, used 12673K [0x000001f6b4200000, 0x000001f6b8500000, 0x000002215ed00000)
  object space 68608K, 18% used [0x000001f6b4200000,0x000001f6b4e60590,0x000001f6b8500000)
 Metaspace       used 24193K, committed 24896K, reserved 1114112K
  class space    used 2330K, committed 2624K, reserved 1048576K
}
Event: 22.516 GC heap before
{Heap before GC invocations=10 (full 1):
 PSYoungGen      total 28160K, used 28155K [0x000002215ed00000, 0x0000022160e00000, 0x00000236b4200000)
  eden space 24064K, 100% used [0x000002215ed00000,0x0000022160480000,0x0000022160480000)
  from space 4096K, 99% used [0x0000022160a00000,0x0000022160dfefe0,0x0000022160e00000)
  to   space 4608K, 0% used [0x0000022160500000,0x0000022160500000,0x0000022160980000)
 ParOldGen       total 68608K, used 12673K [0x000001f6b4200000, 0x000001f6b8500000, 0x000002215ed00000)
  object space 68608K, 18% used [0x000001f6b4200000,0x000001f6b4e60590,0x000001f6b8500000)
 Metaspace       used 27360K, committed 28160K, reserved 1114112K
  class space    used 2716K, committed 3072K, reserved 1048576K
}
Event: 22.520 GC heap after
{Heap after GC invocations=10 (full 1):
 PSYoungGen      total 28160K, used 4605K [0x000002215ed00000, 0x0000022161000000, 0x00000236b4200000)
  eden space 23552K, 0% used [0x000002215ed00000,0x000002215ed00000,0x0000022160400000)
  from space 4608K, 99% used [0x0000022160500000,0x000002216097f4d8,0x0000022160980000)
  to   space 6144K, 0% used [0x0000022160a00000,0x0000022160a00000,0x0000022161000000)
 ParOldGen       total 68608K, used 13645K [0x000001f6b4200000, 0x000001f6b8500000, 0x000002215ed00000)
  object space 68608K, 19% used [0x000001f6b4200000,0x000001f6b4f535d0,0x000001f6b8500000)
 Metaspace       used 27360K, committed 28160K, reserved 1114112K
  class space    used 2716K, committed 3072K, reserved 1048576K
}
Event: 28.617 GC heap before
{Heap before GC invocations=11 (full 1):
 PSYoungGen      total 28160K, used 28157K [0x000002215ed00000, 0x0000022161000000, 0x00000236b4200000)
  eden space 23552K, 100% used [0x000002215ed00000,0x0000022160400000,0x0000022160400000)
  from space 4608K, 99% used [0x0000022160500000,0x000002216097f4d8,0x0000022160980000)
  to   space 6144K, 0% used [0x0000022160a00000,0x0000022160a00000,0x0000022161000000)
 ParOldGen       total 68608K, used 13645K [0x000001f6b4200000, 0x000001f6b8500000, 0x000002215ed00000)
  object space 68608K, 19% used [0x000001f6b4200000,0x000001f6b4f535d0,0x000001f6b8500000)
 Metaspace       used 30110K, committed 30976K, reserved 1114112K
  class space    used 3006K, committed 3392K, reserved 1048576K
}
Event: 28.628 GC heap after
{Heap after GC invocations=11 (full 1):
 PSYoungGen      total 26112K, used 2667K [0x000002215ed00000, 0x0000022160d00000, 0x00000236b4200000)
  eden space 23040K, 0% used [0x000002215ed00000,0x000002215ed00000,0x0000022160380000)
  from space 3072K, 86% used [0x0000022160a00000,0x0000022160c9af40,0x0000022160d00000)
  to   space 4096K, 0% used [0x0000022160500000,0x0000022160500000,0x0000022160900000)
 ParOldGen       total 68608K, used 16961K [0x000001f6b4200000, 0x000001f6b8500000, 0x000002215ed00000)
  object space 68608K, 24% used [0x000001f6b4200000,0x000001f6b52907f8,0x000001f6b8500000)
 Metaspace       used 30110K, committed 30976K, reserved 1114112K
  class space    used 3006K, committed 3392K, reserved 1048576K
}
Event: 31.546 GC heap before
{Heap before GC invocations=12 (full 1):
 PSYoungGen      total 26112K, used 25707K [0x000002215ed00000, 0x0000022160d00000, 0x00000236b4200000)
  eden space 23040K, 100% used [0x000002215ed00000,0x0000022160380000,0x0000022160380000)
  from space 3072K, 86% used [0x0000022160a00000,0x0000022160c9af40,0x0000022160d00000)
  to   space 4096K, 0% used [0x0000022160500000,0x0000022160500000,0x0000022160900000)
 ParOldGen       total 68608K, used 16961K [0x000001f6b4200000, 0x000001f6b8500000, 0x000002215ed00000)
  object space 68608K, 24% used [0x000001f6b4200000,0x000001f6b52907f8,0x000001f6b8500000)
 Metaspace       used 32242K, committed 33216K, reserved 1114112K
  class space    used 3219K, committed 3648K, reserved 1048576K
}
Event: 31.553 GC heap after
{Heap after GC invocations=12 (full 1):
 PSYoungGen      total 24576K, used 1991K [0x000002215ed00000, 0x0000022160a80000, 0x00000236b4200000)
  eden space 22528K, 0% used [0x000002215ed00000,0x000002215ed00000,0x0000022160300000)
  from space 2048K, 97% used [0x0000022160500000,0x00000221606f1e10,0x0000022160700000)
  to   space 2560K, 0% used [0x0000022160800000,0x0000022160800000,0x0000022160a80000)
 ParOldGen       total 68608K, used 19321K [0x000001f6b4200000, 0x000001f6b8500000, 0x000002215ed00000)
  object space 68608K, 28% used [0x000001f6b4200000,0x000001f6b54de508,0x000001f6b8500000)
 Metaspace       used 32242K, committed 33216K, reserved 1114112K
  class space    used 3219K, committed 3648K, reserved 1048576K
}
Event: 31.830 GC heap before
{Heap before GC invocations=13 (full 1):
 PSYoungGen      total 24576K, used 24519K [0x000002215ed00000, 0x0000022160a80000, 0x00000236b4200000)
  eden space 22528K, 100% used [0x000002215ed00000,0x0000022160300000,0x0000022160300000)
  from space 2048K, 97% used [0x0000022160500000,0x00000221606f1e10,0x0000022160700000)
  to   space 2560K, 0% used [0x0000022160800000,0x0000022160800000,0x0000022160a80000)
 ParOldGen       total 68608K, used 19321K [0x000001f6b4200000, 0x000001f6b8500000, 0x000002215ed00000)
  object space 68608K, 28% used [0x000001f6b4200000,0x000001f6b54de508,0x000001f6b8500000)
 Metaspace       used 32380K, committed 33344K, reserved 1114112K
  class space    used 3244K, committed 3648K, reserved 1048576K
}
Event: 31.835 GC heap after
{Heap after GC invocations=13 (full 1):
 PSYoungGen      total 24576K, used 2528K [0x000002215ed00000, 0x0000022160c80000, 0x00000236b4200000)
  eden space 22016K, 0% used [0x000002215ed00000,0x000002215ed00000,0x0000022160280000)
  from space 2560K, 98% used [0x0000022160800000,0x0000022160a78010,0x0000022160a80000)
  to   space 5120K, 0% used [0x0000022160280000,0x0000022160280000,0x0000022160780000)
 ParOldGen       total 68608K, used 21175K [0x000001f6b4200000, 0x000001f6b8500000, 0x000002215ed00000)
  object space 68608K, 30% used [0x000001f6b4200000,0x000001f6b56ade48,0x000001f6b8500000)
 Metaspace       used 32380K, committed 33344K, reserved 1114112K
  class space    used 3244K, committed 3648K, reserved 1048576K
}
Event: 32.006 GC heap before
{Heap before GC invocations=14 (full 1):
 PSYoungGen      total 24576K, used 24544K [0x000002215ed00000, 0x0000022160c80000, 0x00000236b4200000)
  eden space 22016K, 100% used [0x000002215ed00000,0x0000022160280000,0x0000022160280000)
  from space 2560K, 98% used [0x0000022160800000,0x0000022160a78010,0x0000022160a80000)
  to   space 5120K, 0% used [0x0000022160280000,0x0000022160280000,0x0000022160780000)
 ParOldGen       total 68608K, used 21175K [0x000001f6b4200000, 0x000001f6b8500000, 0x000002215ed00000)
  object space 68608K, 30% used [0x000001f6b4200000,0x000001f6b56ade48,0x000001f6b8500000)
 Metaspace       used 32787K, committed 33792K, reserved 1114112K
  class space    used 3309K, committed 3776K, reserved 1048576K
}
Event: 32.013 GC heap after
{Heap after GC invocations=14 (full 1):
 PSYoungGen      total 25600K, used 3234K [0x000002215ed00000, 0x0000022160a80000, 0x00000236b4200000)
  eden space 22016K, 0% used [0x000002215ed00000,0x000002215ed00000,0x0000022160280000)
  from space 3584K, 90% used [0x0000022160280000,0x00000221605a8830,0x0000022160600000)
  to   space 4096K, 0% used [0x0000022160680000,0x0000022160680000,0x0000022160a80000)
 ParOldGen       total 68608K, used 23403K [0x000001f6b4200000, 0x000001f6b8500000, 0x000002215ed00000)
  object space 68608K, 34% used [0x000001f6b4200000,0x000001f6b58daf80,0x000001f6b8500000)
 Metaspace       used 32787K, committed 33792K, reserved 1114112K
  class space    used 3309K, committed 3776K, reserved 1048576K
}
Event: 32.182 GC heap before
{Heap before GC invocations=15 (full 1):
 PSYoungGen      total 25600K, used 25250K [0x000002215ed00000, 0x0000022160a80000, 0x00000236b4200000)
  eden space 22016K, 100% used [0x000002215ed00000,0x0000022160280000,0x0000022160280000)
  from space 3584K, 90% used [0x0000022160280000,0x00000221605a8830,0x0000022160600000)
  to   space 4096K, 0% used [0x0000022160680000,0x0000022160680000,0x0000022160a80000)
 ParOldGen       total 68608K, used 23403K [0x000001f6b4200000, 0x000001f6b8500000, 0x000002215ed00000)
  object space 68608K, 34% used [0x000001f6b4200000,0x000001f6b58daf80,0x000001f6b8500000)
 Metaspace       used 32810K, committed 33856K, reserved 1114112K
  class space    used 3309K, committed 3776K, reserved 1048576K
}
Event: 32.188 GC heap after
{Heap after GC invocations=15 (full 1):
 PSYoungGen      total 25088K, used 2755K [0x000002215ed00000, 0x0000022160980000, 0x00000236b4200000)
  eden space 22016K, 0% used [0x000002215ed00000,0x000002215ed00000,0x0000022160280000)
  from space 3072K, 89% used [0x0000022160680000,0x0000022160930ff0,0x0000022160980000)
  to   space 3072K, 0% used [0x0000022160380000,0x0000022160380000,0x0000022160680000)
 ParOldGen       total 68608K, used 26310K [0x000001f6b4200000, 0x000001f6b8500000, 0x000002215ed00000)
  object space 68608K, 38% used [0x000001f6b4200000,0x000001f6b5bb1af8,0x000001f6b8500000)
 Metaspace       used 32810K, committed 33856K, reserved 1114112K
  class space    used 3309K, committed 3776K, reserved 1048576K
}
Event: 32.403 GC heap before
{Heap before GC invocations=16 (full 1):
 PSYoungGen      total 25088K, used 24771K [0x000002215ed00000, 0x0000022160980000, 0x00000236b4200000)
  eden space 22016K, 100% used [0x000002215ed00000,0x0000022160280000,0x0000022160280000)
  from space 3072K, 89% used [0x0000022160680000,0x0000022160930ff0,0x0000022160980000)
  to   space 3072K, 0% used [0x0000022160380000,0x0000022160380000,0x0000022160680000)
 ParOldGen       total 68608K, used 26310K [0x000001f6b4200000, 0x000001f6b8500000, 0x000002215ed00000)
  object space 68608K, 38% used [0x000001f6b4200000,0x000001f6b5bb1af8,0x000001f6b8500000)
 Metaspace       used 32818K, committed 33856K, reserved 1114112K
  class space    used 3309K, committed 3776K, reserved 1048576K
}
Event: 32.412 GC heap after
{Heap after GC invocations=16 (full 1):
 PSYoungGen      total 25088K, used 2816K [0x000002215ed00000, 0x0000022160880000, 0x00000236b4200000)
  eden space 22016K, 0% used [0x000002215ed00000,0x000002215ed00000,0x0000022160280000)
  from space 3072K, 91% used [0x0000022160380000,0x00000221606401e0,0x0000022160680000)
  to   space 2048K, 0% used [0x0000022160680000,0x0000022160680000,0x0000022160880000)
 ParOldGen       total 68608K, used 28761K [0x000001f6b4200000, 0x000001f6b8500000, 0x000002215ed00000)
  object space 68608K, 41% used [0x000001f6b4200000,0x000001f6b5e16738,0x000001f6b8500000)
 Metaspace       used 32818K, committed 33856K, reserved 1114112K
  class space    used 3309K, committed 3776K, reserved 1048576K
}
Event: 32.954 GC heap before
{Heap before GC invocations=17 (full 1):
 PSYoungGen      total 25088K, used 24832K [0x000002215ed00000, 0x0000022160880000, 0x00000236b4200000)
  eden space 22016K, 100% used [0x000002215ed00000,0x0000022160280000,0x0000022160280000)
  from space 3072K, 91% used [0x0000022160380000,0x00000221606401e0,0x0000022160680000)
  to   space 2048K, 0% used [0x0000022160680000,0x0000022160680000,0x0000022160880000)
 ParOldGen       total 68608K, used 28761K [0x000001f6b4200000, 0x000001f6b8500000, 0x000002215ed00000)
  object space 68608K, 41% used [0x000001f6b4200000,0x000001f6b5e16738,0x000001f6b8500000)
 Metaspace       used 32872K, committed 33920K, reserved 1114112K
  class space    used 3310K, committed 3776K, reserved 1048576K
}
Event: 32.964 GC heap after
{Heap after GC invocations=17 (full 1):
 PSYoungGen      total 22016K, used 2048K [0x000002215ed00000, 0x0000022160e80000, 0x00000236b4200000)
  eden space 19968K, 0% used [0x000002215ed00000,0x000002215ed00000,0x0000022160080000)
  from space 2048K, 100% used [0x0000022160680000,0x0000022160880000,0x0000022160880000)
  to   space 6144K, 0% used [0x0000022160080000,0x0000022160080000,0x0000022160680000)
 ParOldGen       total 68608K, used 32155K [0x000001f6b4200000, 0x000001f6b8500000, 0x000002215ed00000)
  object space 68608K, 46% used [0x000001f6b4200000,0x000001f6b6166f88,0x000001f6b8500000)
 Metaspace       used 32872K, committed 33920K, reserved 1114112K
  class space    used 3310K, committed 3776K, reserved 1048576K
}
Event: 33.602 GC heap before
{Heap before GC invocations=18 (full 1):
 PSYoungGen      total 22016K, used 22016K [0x000002215ed00000, 0x0000022160e80000, 0x00000236b4200000)
  eden space 19968K, 100% used [0x000002215ed00000,0x0000022160080000,0x0000022160080000)
  from space 2048K, 100% used [0x0000022160680000,0x0000022160880000,0x0000022160880000)
  to   space 6144K, 0% used [0x0000022160080000,0x0000022160080000,0x0000022160680000)
 ParOldGen       total 68608K, used 32155K [0x000001f6b4200000, 0x000001f6b8500000, 0x000002215ed00000)
  object space 68608K, 46% used [0x000001f6b4200000,0x000001f6b6166f88,0x000001f6b8500000)
 Metaspace       used 32963K, committed 33984K, reserved 1114112K
  class space    used 3310K, committed 3776K, reserved 1048576K
}
Event: 33.611 GC heap after
{Heap after GC invocations=18 (full 1):
 PSYoungGen      total 22528K, used 2096K [0x000002215ed00000, 0x0000022160780000, 0x00000236b4200000)
  eden space 19968K, 0% used [0x000002215ed00000,0x000002215ed00000,0x0000022160080000)
  from space 2560K, 81% used [0x0000022160080000,0x000002216028c3f0,0x0000022160300000)
  to   space 3584K, 0% used [0x0000022160400000,0x0000022160400000,0x0000022160780000)
 ParOldGen       total 68608K, used 34179K [0x000001f6b4200000, 0x000001f6b8500000, 0x000002215ed00000)
  object space 68608K, 49% used [0x000001f6b4200000,0x000001f6b6360f88,0x000001f6b8500000)
 Metaspace       used 32963K, committed 33984K, reserved 1114112K
  class space    used 3310K, committed 3776K, reserved 1048576K
}

