# JRE version: OpenJDK Runtime Environment Temurin-21.0.12.1+1 (21.0.12.1+1) (build 21.0.12.1+1-LTS)
# Java VM: OpenJDK 64-Bit Server VM Temurin-21.0.12.1+1 (21.0.12.1+1-LTS, mixed mode, sharing, tiered, compressed class ptrs, parallel gc, windows-amd64)
GC Precious Log:
 CardTable entry size: 512
 CPUs: 8 total, 8 available
 Memory: 7863M
 Large Page Support: Disabled
 NUMA Support: Disabled
 Compressed Oops: Disabled
 Alignments: Space 512K, Generation 512K, Heap 2M
 Heap Min Capacity: 100M
 Heap Initial Capacity: 100M
 Heap Max Capacity: 256G
 Pre-touch: Disabled
 Parallel Workers: 8
Heap:
 PSYoungGen      total 12288K, used 2989K [0x0000022c4cb00000, 0x0000022c4d880000, 0x00000241a2000000)
  eden space 10752K, 13% used [0x0000022c4cb00000,0x0000022c4cc6c2d8,0x0000022c4d580000)
  from space 1536K, 99% used [0x0000022c4d700000,0x0000022c4d87f358,0x0000022c4d880000)
  to   space 1536K, 0% used [0x0000022c4d580000,0x0000022c4d580000,0x0000022c4d700000)
 ParOldGen       total 68608K, used 57864K [0x00000201a2000000, 0x00000201a6300000, 0x0000022c4cb00000)
  object space 68608K, 84% used [0x00000201a2000000,0x00000201a5882160,0x00000201a6300000)
 Metaspace       used 60276K, committed 61632K, reserved 1114112K
  class space    used 6432K, committed 7040K, reserved 1048576K
GC Heap History (20 events):
Event: 53.697 GC heap before
{Heap before GC invocations=44 (full 2):
 PSYoungGen      total 12288K, used 12099K [0x0000022c4cb00000, 0x0000022c4d900000, 0x00000241a2000000)
  eden space 11264K, 100% used [0x0000022c4cb00000,0x0000022c4d600000,0x0000022c4d600000)
  from space 1024K, 81% used [0x0000022c4d780000,0x0000022c4d850e60,0x0000022c4d880000)
  to   space 512K, 0% used [0x0000022c4d880000,0x0000022c4d880000,0x0000022c4d900000)
 ParOldGen       total 68608K, used 60028K [0x00000201a2000000, 0x00000201a6300000, 0x0000022c4cb00000)
  object space 68608K, 87% used [0x00000201a2000000,0x00000201a5a9f3e0,0x00000201a6300000)
 Metaspace       used 53125K, committed 54400K, reserved 1114112K
  class space    used 5730K, committed 6272K, reserved 1048576K
}
Event: 53.698 GC heap after
{Heap after GC invocations=44 (full 2):
 PSYoungGen      total 11776K, used 224K [0x0000022c4cb00000, 0x0000022c4d900000, 0x00000241a2000000)
  eden space 11264K, 0% used [0x0000022c4cb00000,0x0000022c4cb00000,0x0000022c4d600000)
  from space 512K, 43% used [0x0000022c4d880000,0x0000022c4d8b8000,0x0000022c4d900000)
  to   space 512K, 0% used [0x0000022c4d800000,0x0000022c4d800000,0x0000022c4d880000)
 ParOldGen       total 68608K, used 60028K [0x00000201a2000000, 0x00000201a6300000, 0x0000022c4cb00000)
  object space 68608K, 87% used [0x00000201a2000000,0x00000201a5a9f3e0,0x00000201a6300000)
 Metaspace       used 53125K, committed 54400K, reserved 1114112K
  class space    used 5730K, committed 6272K, reserved 1048576K
}
Event: 55.048 GC heap before
{Heap before GC invocations=45 (full 2):
 PSYoungGen      total 11776K, used 11488K [0x0000022c4cb00000, 0x0000022c4d900000, 0x00000241a2000000)
  eden space 11264K, 100% used [0x0000022c4cb00000,0x0000022c4d600000,0x0000022c4d600000)
  from space 512K, 43% used [0x0000022c4d880000,0x0000022c4d8b8000,0x0000022c4d900000)
  to   space 512K, 0% used [0x0000022c4d800000,0x0000022c4d800000,0x0000022c4d880000)
 ParOldGen       total 68608K, used 60028K [0x00000201a2000000, 0x00000201a6300000, 0x0000022c4cb00000)
  object space 68608K, 87% used [0x00000201a2000000,0x00000201a5a9f3e0,0x00000201a6300000)
 Metaspace       used 54338K, committed 55616K, reserved 1114112K
  class space    used 5805K, committed 6400K, reserved 1048576K
}
Event: 55.050 GC heap after
{Heap after GC invocations=45 (full 2):
 PSYoungGen      total 11776K, used 512K [0x0000022c4cb00000, 0x0000022c4d900000, 0x00000241a2000000)
  eden space 11264K, 0% used [0x0000022c4cb00000,0x0000022c4cb00000,0x0000022c4d600000)
  from space 512K, 100% used [0x0000022c4d800000,0x0000022c4d880000,0x0000022c4d880000)
  to   space 512K, 0% used [0x0000022c4d880000,0x0000022c4d880000,0x0000022c4d900000)
 ParOldGen       total 68608K, used 60221K [0x00000201a2000000, 0x00000201a6300000, 0x0000022c4cb00000)
  object space 68608K, 87% used [0x00000201a2000000,0x00000201a5acf400,0x00000201a6300000)
 Metaspace       used 54338K, committed 55616K, reserved 1114112K
  class space    used 5805K, committed 6400K, reserved 1048576K
}
Event: 55.282 GC heap before
{Heap before GC invocations=46 (full 2):
 PSYoungGen      total 11776K, used 11776K [0x0000022c4cb00000, 0x0000022c4d900000, 0x00000241a2000000)
  eden space 11264K, 100% used [0x0000022c4cb00000,0x0000022c4d600000,0x0000022c4d600000)
  from space 512K, 100% used [0x0000022c4d800000,0x0000022c4d880000,0x0000022c4d880000)
  to   space 512K, 0% used [0x0000022c4d880000,0x0000022c4d880000,0x0000022c4d900000)
 ParOldGen       total 68608K, used 60221K [0x00000201a2000000, 0x00000201a6300000, 0x0000022c4cb00000)
  object space 68608K, 87% used [0x00000201a2000000,0x00000201a5acf400,0x00000201a6300000)
 Metaspace       used 55233K, committed 56512K, reserved 1114112K
  class space    used 5929K, committed 6464K, reserved 1048576K
}
Event: 55.287 GC heap after
{Heap after GC invocations=46 (full 2):
 PSYoungGen      total 11776K, used 480K [0x0000022c4cb00000, 0x0000022c4d900000, 0x00000241a2000000)
  eden space 11264K, 0% used [0x0000022c4cb00000,0x0000022c4cb00000,0x0000022c4d600000)
  from space 512K, 93% used [0x0000022c4d880000,0x0000022c4d8f8020,0x0000022c4d900000)
  to   space 1536K, 0% used [0x0000022c4d600000,0x0000022c4d600000,0x0000022c4d780000)
 ParOldGen       total 68608K, used 60931K [0x00000201a2000000, 0x00000201a6300000, 0x0000022c4cb00000)
  object space 68608K, 88% used [0x00000201a2000000,0x00000201a5b80ea0,0x00000201a6300000)
 Metaspace       used 55233K, committed 56512K, reserved 1114112K
  class space    used 5929K, committed 6464K, reserved 1048576K
}
Event: 55.678 GC heap before
{Heap before GC invocations=47 (full 2):
 PSYoungGen      total 11776K, used 11744K [0x0000022c4cb00000, 0x0000022c4d900000, 0x00000241a2000000)
  eden space 11264K, 100% used [0x0000022c4cb00000,0x0000022c4d600000,0x0000022c4d600000)
  from space 512K, 93% used [0x0000022c4d880000,0x0000022c4d8f8020,0x0000022c4d900000)
  to   space 1536K, 0% used [0x0000022c4d600000,0x0000022c4d600000,0x0000022c4d780000)
 ParOldGen       total 68608K, used 60931K [0x00000201a2000000, 0x00000201a6300000, 0x0000022c4cb00000)
  object space 68608K, 88% used [0x00000201a2000000,0x00000201a5b80ea0,0x00000201a6300000)
 Metaspace       used 56739K, committed 58048K, reserved 1114112K
  class space    used 6086K, committed 6656K, reserved 1048576K
}
Event: 55.680 GC heap after
{Heap after GC invocations=47 (full 2):
 PSYoungGen      total 12800K, used 720K [0x0000022c4cb00000, 0x0000022c4d900000, 0x00000241a2000000)
  eden space 11264K, 0% used [0x0000022c4cb00000,0x0000022c4cb00000,0x0000022c4d600000)
  from space 1536K, 46% used [0x0000022c4d600000,0x0000022c4d6b4010,0x0000022c4d780000)
  to   space 1024K, 0% used [0x0000022c4d800000,0x0000022c4d800000,0x0000022c4d900000)
 ParOldGen       total 68608K, used 61309K [0x00000201a2000000, 0x00000201a6300000, 0x0000022c4cb00000)
  object space 68608K, 89% used [0x00000201a2000000,0x00000201a5bdf540,0x00000201a6300000)
 Metaspace       used 56739K, committed 58048K, reserved 1114112K
  class space    used 6086K, committed 6656K, reserved 1048576K
}
Event: 56.292 GC heap before
{Heap before GC invocations=48 (full 2):
 PSYoungGen      total 12800K, used 11984K [0x0000022c4cb00000, 0x0000022c4d900000, 0x00000241a2000000)
  eden space 11264K, 99% used [0x0000022c4cb00000,0x0000022c4d5ffff8,0x0000022c4d600000)
  from space 1536K, 46% used [0x0000022c4d600000,0x0000022c4d6b4010,0x0000022c4d780000)
  to   space 1024K, 0% used [0x0000022c4d800000,0x0000022c4d800000,0x0000022c4d900000)
 ParOldGen       total 68608K, used 61309K [0x00000201a2000000, 0x00000201a6300000, 0x0000022c4cb00000)
  object space 68608K, 89% used [0x00000201a2000000,0x00000201a5bdf540,0x00000201a6300000)
 Metaspace       used 58021K, committed 59328K, reserved 1114112K
  class space    used 6231K, committed 6784K, reserved 1048576K
}
Event: 56.295 GC heap after
{Heap after GC invocations=48 (full 2):
 PSYoungGen      total 12288K, used 1003K [0x0000022c4cb00000, 0x0000022c4da00000, 0x00000241a2000000)
  eden space 11264K, 0% used [0x0000022c4cb00000,0x0000022c4cb00000,0x0000022c4d600000)
  from space 1024K, 97% used [0x0000022c4d800000,0x0000022c4d8fac30,0x0000022c4d900000)
  to   space 2048K, 0% used [0x0000022c4d600000,0x0000022c4d600000,0x0000022c4d800000)
 ParOldGen       total 68608K, used 61907K [0x00000201a2000000, 0x00000201a6300000, 0x0000022c4cb00000)
  object space 68608K, 90% used [0x00000201a2000000,0x00000201a5c74df0,0x00000201a6300000)
 Metaspace       used 58021K, committed 59328K, reserved 1114112K
  class space    used 6231K, committed 6784K, reserved 1048576K
}
Event: 56.661 GC heap before
{Heap before GC invocations=49 (full 2):
 PSYoungGen      total 12288K, used 5759K [0x0000022c4cb00000, 0x0000022c4da00000, 0x00000241a2000000)
  eden space 11264K, 42% used [0x0000022c4cb00000,0x0000022c4cfa51b0,0x0000022c4d600000)
  from space 1024K, 97% used [0x0000022c4d800000,0x0000022c4d8fac30,0x0000022c4d900000)
  to   space 2048K, 0% used [0x0000022c4d600000,0x0000022c4d600000,0x0000022c4d800000)
 ParOldGen       total 68608K, used 61907K [0x00000201a2000000, 0x00000201a6300000, 0x0000022c4cb00000)
  object space 68608K, 90% used [0x00000201a2000000,0x00000201a5c74df0,0x00000201a6300000)
 Metaspace       used 58491K, committed 59776K, reserved 1114112K
  class space    used 6285K, committed 6848K, reserved 1048576K
}
Event: 56.664 GC heap after
{Heap after GC invocations=49 (full 2):
 PSYoungGen      total 12288K, used 792K [0x0000022c4cb00000, 0x0000022c4d900000, 0x00000241a2000000)
  eden space 11264K, 0% used [0x0000022c4cb00000,0x0000022c4cb00000,0x0000022c4d600000)
  from space 1024K, 77% used [0x0000022c4d600000,0x0000022c4d6c63f8,0x0000022c4d700000)
  to   space 1536K, 0% used [0x0000022c4d780000,0x0000022c4d780000,0x0000022c4d900000)
 ParOldGen       total 68608K, used 62867K [0x00000201a2000000, 0x00000201a6300000, 0x0000022c4cb00000)
  object space 68608K, 91% used [0x00000201a2000000,0x00000201a5d64f78,0x00000201a6300000)
 Metaspace       used 58491K, committed 59776K, reserved 1114112K
  class space    used 6285K, committed 6848K, reserved 1048576K
}
Event: 56.664 GC heap before
{Heap before GC invocations=50 (full 3):
 PSYoungGen      total 12288K, used 792K [0x0000022c4cb00000, 0x0000022c4d900000, 0x00000241a2000000)
  eden space 11264K, 0% used [0x0000022c4cb00000,0x0000022c4cb00000,0x0000022c4d600000)
  from space 1024K, 77% used [0x0000022c4d600000,0x0000022c4d6c63f8,0x0000022c4d700000)
  to   space 1536K, 0% used [0x0000022c4d780000,0x0000022c4d780000,0x0000022c4d900000)
 ParOldGen       total 68608K, used 62867K [0x00000201a2000000, 0x00000201a6300000, 0x0000022c4cb00000)
  object space 68608K, 91% used [0x00000201a2000000,0x00000201a5d64f78,0x00000201a6300000)
 Metaspace       used 58491K, committed 59776K, reserved 1114112K
  class space    used 6285K, committed 6848K, reserved 1048576K
}
Event: 56.775 GC heap after
{Heap after GC invocations=50 (full 3):
 PSYoungGen      total 12288K, used 0K [0x0000022c4cb00000, 0x0000022c4d900000, 0x00000241a2000000)
  eden space 11264K, 0% used [0x0000022c4cb00000,0x0000022c4cb00000,0x0000022c4d600000)
  from space 1024K, 0% used [0x0000022c4d600000,0x0000022c4d600000,0x0000022c4d700000)
  to   space 1536K, 0% used [0x0000022c4d780000,0x0000022c4d780000,0x0000022c4d900000)
 ParOldGen       total 68608K, used 55016K [0x00000201a2000000, 0x00000201a6300000, 0x0000022c4cb00000)
  object space 68608K, 80% used [0x00000201a2000000,0x00000201a55ba258,0x00000201a6300000)
 Metaspace       used 58491K, committed 59776K, reserved 1114112K
  class space    used 6285K, committed 6848K, reserved 1048576K
}
Event: 57.115 GC heap before
{Heap before GC invocations=51 (full 3):
 PSYoungGen      total 12288K, used 11264K [0x0000022c4cb00000, 0x0000022c4d900000, 0x00000241a2000000)
  eden space 11264K, 100% used [0x0000022c4cb00000,0x0000022c4d600000,0x0000022c4d600000)
  from space 1024K, 0% used [0x0000022c4d600000,0x0000022c4d600000,0x0000022c4d700000)
  to   space 1536K, 0% used [0x0000022c4d780000,0x0000022c4d780000,0x0000022c4d900000)
 ParOldGen       total 68608K, used 55016K [0x00000201a2000000, 0x00000201a6300000, 0x0000022c4cb00000)
  object space 68608K, 80% used [0x00000201a2000000,0x00000201a55ba258,0x00000201a6300000)
 Metaspace       used 59458K, committed 60864K, reserved 1114112K
  class space    used 6369K, committed 6976K, reserved 1048576K
}
Event: 57.119 GC heap after
{Heap after GC invocations=51 (full 3):
 PSYoungGen      total 12288K, used 1495K [0x0000022c4cb00000, 0x0000022c4da00000, 0x00000241a2000000)
  eden space 10752K, 0% used [0x0000022c4cb00000,0x0000022c4cb00000,0x0000022c4d580000)
  from space 1536K, 97% used [0x0000022c4d780000,0x0000022c4d8f5f18,0x0000022c4d900000)
  to   space 2048K, 0% used [0x0000022c4d580000,0x0000022c4d580000,0x0000022c4d780000)
 ParOldGen       total 68608K, used 55024K [0x00000201a2000000, 0x00000201a6300000, 0x0000022c4cb00000)
  object space 68608K, 80% used [0x00000201a2000000,0x00000201a55bc258,0x00000201a6300000)
 Metaspace       used 59458K, committed 60864K, reserved 1114112K
  class space    used 6369K, committed 6976K, reserved 1048576K
}
Event: 57.482 GC heap before
{Heap before GC invocations=52 (full 3):
 PSYoungGen      total 12288K, used 12247K [0x0000022c4cb00000, 0x0000022c4da00000, 0x00000241a2000000)
  eden space 10752K, 100% used [0x0000022c4cb00000,0x0000022c4d580000,0x0000022c4d580000)
  from space 1536K, 97% used [0x0000022c4d780000,0x0000022c4d8f5f18,0x0000022c4d900000)
  to   space 2048K, 0% used [0x0000022c4d580000,0x0000022c4d580000,0x0000022c4d780000)
 ParOldGen       total 68608K, used 55024K [0x00000201a2000000, 0x00000201a6300000, 0x0000022c4cb00000)
  object space 68608K, 80% used [0x00000201a2000000,0x00000201a55bc258,0x00000201a6300000)
 Metaspace       used 59878K, committed 61248K, reserved 1114112K
  class space    used 6405K, committed 6976K, reserved 1048576K
}
Event: 57.487 GC heap after
{Heap after GC invocations=52 (full 3):
 PSYoungGen      total 12288K, used 1484K [0x0000022c4cb00000, 0x0000022c4d880000, 0x00000241a2000000)
  eden space 10752K, 0% used [0x0000022c4cb00000,0x0000022c4cb00000,0x0000022c4d580000)
  from space 1536K, 96% used [0x0000022c4d580000,0x0000022c4d6f3008,0x0000022c4d700000)
  to   space 1536K, 0% used [0x0000022c4d700000,0x0000022c4d700000,0x0000022c4d880000)
 ParOldGen       total 68608K, used 55833K [0x00000201a2000000, 0x00000201a6300000, 0x0000022c4cb00000)
  object space 68608K, 81% used [0x00000201a2000000,0x00000201a5686588,0x00000201a6300000)
 Metaspace       used 59878K, committed 61248K, reserved 1114112K
  class space    used 6405K, committed 6976K, reserved 1048576K
}
Event: 59.391 GC heap before
{Heap before GC invocations=53 (full 3):
 PSYoungGen      total 12288K, used 12236K [0x0000022c4cb00000, 0x0000022c4d880000, 0x00000241a2000000)
  eden space 10752K, 100% used [0x0000022c4cb00000,0x0000022c4d580000,0x0000022c4d580000)
  from space 1536K, 96% used [0x0000022c4d580000,0x0000022c4d6f3008,0x0000022c4d700000)
  to   space 1536K, 0% used [0x0000022c4d700000,0x0000022c4d700000,0x0000022c4d880000)
 ParOldGen       total 68608K, used 55833K [0x00000201a2000000, 0x00000201a6300000, 0x0000022c4cb00000)
  object space 68608K, 81% used [0x00000201a2000000,0x00000201a5686588,0x00000201a6300000)
 Metaspace       used 60202K, committed 61568K, reserved 1114112K
  class space    used 6430K, committed 7040K, reserved 1048576K
}
Event: 59.405 GC heap after
{Heap after GC invocations=53 (full 3):
 PSYoungGen      total 12288K, used 1532K [0x0000022c4cb00000, 0x0000022c4d880000, 0x00000241a2000000)
  eden space 10752K, 0% used [0x0000022c4cb00000,0x0000022c4cb00000,0x0000022c4d580000)
  from space 1536K, 99% used [0x0000022c4d700000,0x0000022c4d87f358,0x0000022c4d880000)
  to   space 1536K, 0% used [0x0000022c4d580000,0x0000022c4d580000,0x0000022c4d700000)
 ParOldGen       total 68608K, used 57864K [0x00000201a2000000, 0x00000201a6300000, 0x0000022c4cb00000)
  object space 68608K, 84% used [0x00000201a2000000,0x00000201a5882160,0x00000201a6300000)
 Metaspace       used 60202K, committed 61568K, reserved 1114112K
  class space    used 6430K, committed 7040K, reserved 1048576K
}

