# JRE version: OpenJDK Runtime Environment Temurin-21.0.12.1+1 (21.0.12.1+1) (build 21.0.12.1+1-LTS)
# Java VM: OpenJDK 64-Bit Server VM Temurin-21.0.12.1+1 (21.0.12.1+1-LTS, mixed mode, sharing, tiered, compressed class ptrs, parallel gc, windows-amd64)
GC Precious Log:
 CardTable entry size: 512
 CPUs: 8 total, 8 available
 Memory: 7863M
 Large Page Support: Disabled
 NUMA Support: Disabled
 Compressed Oops: Disabled
 Alignments: Space 512K, Generation 512K, Heap 2M
 Heap Min Capacity: 100M
 Heap Initial Capacity: 100M
 Heap Max Capacity: 256G
 Pre-touch: Disabled
 Parallel Workers: 8
Heap:
 PSYoungGen      total 17408K, used 16472K [0x0000018fa9500000, 0x0000018faaa00000, 0x000001a4fea00000)
  eden space 15360K, 95% used [0x0000018fa9500000,0x0000018faa35f400,0x0000018faa400000)
  from space 2048K, 85% used [0x0000018faa800000,0x0000018faa9b6cd8,0x0000018faaa00000)
  to   space 2048K, 0% used [0x0000018faa600000,0x0000018faa600000,0x0000018faa800000)
 ParOldGen       total 68608K, used 61756K [0x00000164fea00000, 0x0000016502d00000, 0x0000018fa9500000)
  object space 68608K, 90% used [0x00000164fea00000,0x000001650264f318,0x0000016502d00000)
 Metaspace       used 63028K, committed 64384K, reserved 1114112K
  class space    used 6672K, committed 7232K, reserved 1048576K
GC Heap History (20 events):
Event: 33.959 GC heap before
{Heap before GC invocations=38 (full 2):
 PSYoungGen      total 23040K, used 20064K [0x0000018fa9500000, 0x0000018faaf80000, 0x000001a4fea00000)
  eden space 19456K, 100% used [0x0000018fa9500000,0x0000018faa800000,0x0000018faa800000)
  from space 3584K, 16% used [0x0000018faa980000,0x0000018faaa18020,0x0000018faad00000)
  to   space 1536K, 0% used [0x0000018faae00000,0x0000018faae00000,0x0000018faaf80000)
 ParOldGen       total 68608K, used 57200K [0x00000164fea00000, 0x0000016502d00000, 0x0000018fa9500000)
  object space 68608K, 83% used [0x00000164fea00000,0x00000165021dc030,0x0000016502d00000)
 Metaspace       used 52254K, committed 53440K, reserved 1114112K
  class space    used 5641K, committed 6144K, reserved 1048576K
}
Event: 33.962 GC heap after
{Heap after GC invocations=38 (full 2):
 PSYoungGen      total 20992K, used 1529K [0x0000018fa9500000, 0x0000018faaf80000, 0x000001a4fea00000)
  eden space 19456K, 0% used [0x0000018fa9500000,0x0000018fa9500000,0x0000018faa800000)
  from space 1536K, 99% used [0x0000018faae00000,0x0000018faaf7e4a8,0x0000018faaf80000)
  to   space 3072K, 0% used [0x0000018faa980000,0x0000018faa980000,0x0000018faac80000)
 ParOldGen       total 68608K, used 58174K [0x00000164fea00000, 0x0000016502d00000, 0x0000018fa9500000)
  object space 68608K, 84% used [0x00000164fea00000,0x00000165022cf910,0x0000016502d00000)
 Metaspace       used 52254K, committed 53440K, reserved 1114112K
  class space    used 5641K, committed 6144K, reserved 1048576K
}
Event: 34.158 GC heap before
{Heap before GC invocations=39 (full 2):
 PSYoungGen      total 20992K, used 20985K [0x0000018fa9500000, 0x0000018faaf80000, 0x000001a4fea00000)
  eden space 19456K, 100% used [0x0000018fa9500000,0x0000018faa800000,0x0000018faa800000)
  from space 1536K, 99% used [0x0000018faae00000,0x0000018faaf7e4a8,0x0000018faaf80000)
  to   space 3072K, 0% used [0x0000018faa980000,0x0000018faa980000,0x0000018faac80000)
 ParOldGen       total 68608K, used 58174K [0x00000164fea00000, 0x0000016502d00000, 0x0000018fa9500000)
  object space 68608K, 84% used [0x00000164fea00000,0x00000165022cf910,0x0000016502d00000)
 Metaspace       used 52274K, committed 53504K, reserved 1114112K
  class space    used 5641K, committed 6144K, reserved 1048576K
}
Event: 34.160 GC heap after
{Heap after GC invocations=39 (full 2):
 PSYoungGen      total 22528K, used 1123K [0x0000018fa9500000, 0x0000018faae80000, 0x000001a4fea00000)
  eden space 19456K, 0% used [0x0000018fa9500000,0x0000018fa9500000,0x0000018faa800000)
  from space 3072K, 36% used [0x0000018faa980000,0x0000018faaa98e40,0x0000018faac80000)
  to   space 2048K, 0% used [0x0000018faac80000,0x0000018faac80000,0x0000018faae80000)
 ParOldGen       total 68608K, used 59066K [0x00000164fea00000, 0x0000016502d00000, 0x0000018fa9500000)
  object space 68608K, 86% used [0x00000164fea00000,0x00000165023aeab8,0x0000016502d00000)
 Metaspace       used 52274K, committed 53504K, reserved 1114112K
  class space    used 5641K, committed 6144K, reserved 1048576K
}
Event: 35.653 GC heap before
{Heap before GC invocations=40 (full 2):
 PSYoungGen      total 22528K, used 20579K [0x0000018fa9500000, 0x0000018faae80000, 0x000001a4fea00000)
  eden space 19456K, 100% used [0x0000018fa9500000,0x0000018faa800000,0x0000018faa800000)
  from space 3072K, 36% used [0x0000018faa980000,0x0000018faaa98e40,0x0000018faac80000)
  to   space 2048K, 0% used [0x0000018faac80000,0x0000018faac80000,0x0000018faae80000)
 ParOldGen       total 68608K, used 59066K [0x00000164fea00000, 0x0000016502d00000, 0x0000018fa9500000)
  object space 68608K, 86% used [0x00000164fea00000,0x00000165023aeab8,0x0000016502d00000)
 Metaspace       used 53932K, committed 55104K, reserved 1114112K
  class space    used 5758K, committed 6272K, reserved 1048576K
}
Event: 35.654 GC heap after
{Heap after GC invocations=40 (full 2):
 PSYoungGen      total 19968K, used 416K [0x0000018fa9500000, 0x0000018faad00000, 0x000001a4fea00000)
  eden space 19456K, 0% used [0x0000018fa9500000,0x0000018fa9500000,0x0000018faa800000)
  from space 512K, 81% used [0x0000018faac80000,0x0000018faace8000,0x0000018faad00000)
  to   space 1024K, 0% used [0x0000018faab00000,0x0000018faab00000,0x0000018faac00000)
 ParOldGen       total 68608K, used 59090K [0x00000164fea00000, 0x0000016502d00000, 0x0000018fa9500000)
  object space 68608K, 86% used [0x00000164fea00000,0x00000165023b4ab8,0x0000016502d00000)
 Metaspace       used 53932K, committed 55104K, reserved 1114112K
  class space    used 5758K, committed 6272K, reserved 1048576K
}
Event: 36.258 GC heap before
{Heap before GC invocations=41 (full 2):
 PSYoungGen      total 19968K, used 19871K [0x0000018fa9500000, 0x0000018faad00000, 0x000001a4fea00000)
  eden space 19456K, 99% used [0x0000018fa9500000,0x0000018faa7ffff0,0x0000018faa800000)
  from space 512K, 81% used [0x0000018faac80000,0x0000018faace8000,0x0000018faad00000)
  to   space 1024K, 0% used [0x0000018faab00000,0x0000018faab00000,0x0000018faac00000)
 ParOldGen       total 68608K, used 59090K [0x00000164fea00000, 0x0000016502d00000, 0x0000018fa9500000)
  object space 68608K, 86% used [0x00000164fea00000,0x00000165023b4ab8,0x0000016502d00000)
 Metaspace       used 55486K, committed 56832K, reserved 1114112K
  class space    used 5944K, committed 6528K, reserved 1048576K
}
Event: 36.260 GC heap after
{Heap after GC invocations=41 (full 2):
 PSYoungGen      total 20480K, used 1011K [0x0000018fa9500000, 0x0000018faad00000, 0x000001a4fea00000)
  eden space 19456K, 0% used [0x0000018fa9500000,0x0000018fa9500000,0x0000018faa800000)
  from space 1024K, 98% used [0x0000018faab00000,0x0000018faabfcf10,0x0000018faac00000)
  to   space 1024K, 0% used [0x0000018faac00000,0x0000018faac00000,0x0000018faad00000)
 ParOldGen       total 68608K, used 59897K [0x00000164fea00000, 0x0000016502d00000, 0x0000018fa9500000)
  object space 68608K, 87% used [0x00000164fea00000,0x000001650247e680,0x0000016502d00000)
 Metaspace       used 55486K, committed 56832K, reserved 1114112K
  class space    used 5944K, committed 6528K, reserved 1048576K
}
Event: 36.612 GC heap before
{Heap before GC invocations=42 (full 2):
 PSYoungGen      total 20480K, used 20467K [0x0000018fa9500000, 0x0000018faad00000, 0x000001a4fea00000)
  eden space 19456K, 100% used [0x0000018fa9500000,0x0000018faa800000,0x0000018faa800000)
  from space 1024K, 98% used [0x0000018faab00000,0x0000018faabfcf10,0x0000018faac00000)
  to   space 1024K, 0% used [0x0000018faac00000,0x0000018faac00000,0x0000018faad00000)
 ParOldGen       total 68608K, used 59897K [0x00000164fea00000, 0x0000016502d00000, 0x0000018fa9500000)
  object space 68608K, 87% used [0x00000164fea00000,0x000001650247e680,0x0000016502d00000)
 Metaspace       used 57927K, committed 59200K, reserved 1114112K
  class space    used 6199K, committed 6784K, reserved 1048576K
}
Event: 36.615 GC heap after
{Heap after GC invocations=42 (full 2):
 PSYoungGen      total 20480K, used 1009K [0x0000018fa9500000, 0x0000018faae00000, 0x000001a4fea00000)
  eden space 19456K, 0% used [0x0000018fa9500000,0x0000018fa9500000,0x0000018faa800000)
  from space 1024K, 98% used [0x0000018faac00000,0x0000018faacfc7e0,0x0000018faad00000)
  to   space 3072K, 0% used [0x0000018faa800000,0x0000018faa800000,0x0000018faab00000)
 ParOldGen       total 68608K, used 61373K [0x00000164fea00000, 0x0000016502d00000, 0x0000018fa9500000)
  object space 68608K, 89% used [0x00000164fea00000,0x00000165025ef590,0x0000016502d00000)
 Metaspace       used 57927K, committed 59200K, reserved 1114112K
  class space    used 6199K, committed 6784K, reserved 1048576K
}
Event: 36.848 GC heap before
{Heap before GC invocations=43 (full 2):
 PSYoungGen      total 20480K, used 12396K [0x0000018fa9500000, 0x0000018faae00000, 0x000001a4fea00000)
  eden space 19456K, 58% used [0x0000018fa9500000,0x0000018faa01eaf8,0x0000018faa800000)
  from space 1024K, 98% used [0x0000018faac00000,0x0000018faacfc7e0,0x0000018faad00000)
  to   space 3072K, 0% used [0x0000018faa800000,0x0000018faa800000,0x0000018faab00000)
 ParOldGen       total 68608K, used 61373K [0x00000164fea00000, 0x0000016502d00000, 0x0000018fa9500000)
  object space 68608K, 89% used [0x00000164fea00000,0x00000165025ef590,0x0000016502d00000)
 Metaspace       used 58972K, committed 60288K, reserved 1114112K
  class space    used 6314K, committed 6912K, reserved 1048576K
}
Event: 36.853 GC heap after
{Heap after GC invocations=43 (full 2):
 PSYoungGen      total 21504K, used 1558K [0x0000018fa9500000, 0x0000018faac80000, 0x000001a4fea00000)
  eden space 19456K, 0% used [0x0000018fa9500000,0x0000018fa9500000,0x0000018faa800000)
  from space 2048K, 76% used [0x0000018faa800000,0x0000018faa985898,0x0000018faaa00000)
  to   space 2048K, 0% used [0x0000018faaa80000,0x0000018faaa80000,0x0000018faac80000)
 ParOldGen       total 68608K, used 62333K [0x00000164fea00000, 0x0000016502d00000, 0x0000018fa9500000)
  object space 68608K, 90% used [0x00000164fea00000,0x00000165026df5f0,0x0000016502d00000)
 Metaspace       used 58972K, committed 60288K, reserved 1114112K
  class space    used 6314K, committed 6912K, reserved 1048576K
}
Event: 36.853 GC heap before
{Heap before GC invocations=44 (full 3):
 PSYoungGen      total 21504K, used 1558K [0x0000018fa9500000, 0x0000018faac80000, 0x000001a4fea00000)
  eden space 19456K, 0% used [0x0000018fa9500000,0x0000018fa9500000,0x0000018faa800000)
  from space 2048K, 76% used [0x0000018faa800000,0x0000018faa985898,0x0000018faaa00000)
  to   space 2048K, 0% used [0x0000018faaa80000,0x0000018faaa80000,0x0000018faac80000)
 ParOldGen       total 68608K, used 62333K [0x00000164fea00000, 0x0000016502d00000, 0x0000018fa9500000)
  object space 68608K, 90% used [0x00000164fea00000,0x00000165026df5f0,0x0000016502d00000)
 Metaspace       used 58972K, committed 60288K, reserved 1114112K
  class space    used 6314K, committed 6912K, reserved 1048576K
}
Event: 36.965 GC heap after
{Heap after GC invocations=44 (full 3):
 PSYoungGen      total 21504K, used 0K [0x0000018fa9500000, 0x0000018faac80000, 0x000001a4fea00000)
  eden space 19456K, 0% used [0x0000018fa9500000,0x0000018fa9500000,0x0000018faa800000)
  from space 2048K, 0% used [0x0000018faa800000,0x0000018faa800000,0x0000018faaa00000)
  to   space 2048K, 0% used [0x0000018faaa80000,0x0000018faaa80000,0x0000018faac80000)
 ParOldGen       total 68608K, used 55308K [0x00000164fea00000, 0x0000016502d00000, 0x0000018fa9500000)
  object space 68608K, 80% used [0x00000164fea00000,0x0000016502003320,0x0000016502d00000)
 Metaspace       used 58972K, committed 60288K, reserved 1114112K
  class space    used 6314K, committed 6912K, reserved 1048576K
}
Event: 37.497 GC heap before
{Heap before GC invocations=45 (full 3):
 PSYoungGen      total 21504K, used 19440K [0x0000018fa9500000, 0x0000018faac80000, 0x000001a4fea00000)
  eden space 19456K, 99% used [0x0000018fa9500000,0x0000018faa7fc270,0x0000018faa800000)
  from space 2048K, 0% used [0x0000018faa800000,0x0000018faa800000,0x0000018faaa00000)
  to   space 2048K, 0% used [0x0000018faaa80000,0x0000018faaa80000,0x0000018faac80000)
 ParOldGen       total 68608K, used 55308K [0x00000164fea00000, 0x0000016502d00000, 0x0000018fa9500000)
  object space 68608K, 80% used [0x00000164fea00000,0x0000016502003320,0x0000016502d00000)
 Metaspace       used 60372K, committed 61696K, reserved 1114112K
  class space    used 6453K, committed 7040K, reserved 1048576K
}
Event: 37.508 GC heap after
{Heap after GC invocations=45 (full 3):
 PSYoungGen      total 17408K, used 2029K [0x0000018fa9500000, 0x0000018fab500000, 0x000001a4fea00000)
  eden space 15360K, 0% used [0x0000018fa9500000,0x0000018fa9500000,0x0000018faa400000)
  from space 2048K, 99% used [0x0000018faaa80000,0x0000018faac7b590,0x0000018faac80000)
  to   space 6656K, 0% used [0x0000018faa400000,0x0000018faa400000,0x0000018faaa80000)
 ParOldGen       total 68608K, used 58848K [0x00000164fea00000, 0x0000016502d00000, 0x0000018fa9500000)
  object space 68608K, 85% used [0x00000164fea00000,0x0000016502378340,0x0000016502d00000)
 Metaspace       used 60372K, committed 61696K, reserved 1114112K
  class space    used 6453K, committed 7040K, reserved 1048576K
}
Event: 38.136 GC heap before
{Heap before GC invocations=46 (full 3):
 PSYoungGen      total 17408K, used 17383K [0x0000018fa9500000, 0x0000018fab500000, 0x000001a4fea00000)
  eden space 15360K, 99% used [0x0000018fa9500000,0x0000018faa3fe880,0x0000018faa400000)
  from space 2048K, 99% used [0x0000018faaa80000,0x0000018faac7b590,0x0000018faac80000)
  to   space 6656K, 0% used [0x0000018faa400000,0x0000018faa400000,0x0000018faaa80000)
 ParOldGen       total 68608K, used 58848K [0x00000164fea00000, 0x0000016502d00000, 0x0000018fa9500000)
  object space 68608K, 85% used [0x00000164fea00000,0x0000016502378340,0x0000016502d00000)
 Metaspace       used 60952K, committed 62400K, reserved 1114112K
  class space    used 6487K, committed 7104K, reserved 1048576K
}
Event: 38.139 GC heap after
{Heap after GC invocations=46 (full 3):
 PSYoungGen      total 16896K, used 1445K [0x0000018fa9500000, 0x0000018faab00000, 0x000001a4fea00000)
  eden space 15360K, 0% used [0x0000018fa9500000,0x0000018fa9500000,0x0000018faa400000)
  from space 1536K, 94% used [0x0000018faa400000,0x0000018faa5697e0,0x0000018faa580000)
  to   space 3072K, 0% used [0x0000018faa800000,0x0000018faa800000,0x0000018faab00000)
 ParOldGen       total 68608K, used 60469K [0x00000164fea00000, 0x0000016502d00000, 0x0000018fa9500000)
  object space 68608K, 88% used [0x00000164fea00000,0x000001650250d420,0x0000016502d00000)
 Metaspace       used 60952K, committed 62400K, reserved 1114112K
  class space    used 6487K, committed 7104K, reserved 1048576K
}
Event: 39.747 GC heap before
{Heap before GC invocations=47 (full 3):
 PSYoungGen      total 16896K, used 16805K [0x0000018fa9500000, 0x0000018faab00000, 0x000001a4fea00000)
  eden space 15360K, 99% used [0x0000018fa9500000,0x0000018faa3ffd48,0x0000018faa400000)
  from space 1536K, 94% used [0x0000018faa400000,0x0000018faa5697e0,0x0000018faa580000)
  to   space 3072K, 0% used [0x0000018faa800000,0x0000018faa800000,0x0000018faab00000)
 ParOldGen       total 68608K, used 60469K [0x00000164fea00000, 0x0000016502d00000, 0x0000018fa9500000)
  object space 68608K, 88% used [0x00000164fea00000,0x000001650250d420,0x0000016502d00000)
 Metaspace       used 62023K, committed 63424K, reserved 1114112K
  class space    used 6579K, committed 7168K, reserved 1048576K
}
Event: 39.751 GC heap after
{Heap after GC invocations=47 (full 3):
 PSYoungGen      total 17408K, used 1755K [0x0000018fa9500000, 0x0000018faaa00000, 0x000001a4fea00000)
  eden space 15360K, 0% used [0x0000018fa9500000,0x0000018fa9500000,0x0000018faa400000)
  from space 2048K, 85% used [0x0000018faa800000,0x0000018faa9b6cd8,0x0000018faaa00000)
  to   space 2048K, 0% used [0x0000018faa600000,0x0000018faa600000,0x0000018faa800000)
 ParOldGen       total 68608K, used 61756K [0x00000164fea00000, 0x0000016502d00000, 0x0000018fa9500000)
  object space 68608K, 90% used [0x00000164fea00000,0x000001650264f318,0x0000016502d00000)
 Metaspace       used 62023K, committed 63424K, reserved 1114112K
  class space    used 6579K, committed 7168K, reserved 1048576K
}

